[2022-03-23T18:06:34.571] [ERROR] http - ::1 - - "GET /favicon.ico HTTP/1.1" 404 150 "http://localhost:9003/" "Mozilla/5.0 (Windows NT 10.0; Win64; x64) AppleWebKit/537.36 (KHTML, like Gecko) Chrome/99.0.4844.74 Safari/537.36"
[2022-03-23T18:06:41.296] [INFO] http - ::1 - - "POST /login HTTP/1.1" 200 471 "http://localhost:9003/" "Mozilla/5.0 (Windows NT 10.0; Win64; x64) AppleWebKit/537.36 (KHTML, like Gecko) Chrome/99.0.4844.74 Safari/537.36"
[2022-03-23T18:06:41.414] [WARN] http - ::1 - - "GET /main HTTP/1.1" 304 - "http://localhost:9003/" "Mozilla/5.0 (Windows NT 10.0; Win64; x64) AppleWebKit/537.36 (KHTML, like Gecko) Chrome/99.0.4844.74 Safari/537.36"
[2022-03-23T18:06:41.590] [ERROR] http - ::1 - - "GET /assets/transaction/getallurl.js HTTP/1.1" 404 170 "http://localhost:9003/main" "Mozilla/5.0 (Windows NT 10.0; Win64; x64) AppleWebKit/537.36 (KHTML, like Gecko) Chrome/99.0.4844.74 Safari/537.36"
[2022-03-23T18:06:41.607] [ERROR] http - ::1 - - "GET /assets/transaction/numbercomma.js HTTP/1.1" 404 172 "http://localhost:9003/main" "Mozilla/5.0 (Windows NT 10.0; Win64; x64) AppleWebKit/537.36 (KHTML, like Gecko) Chrome/99.0.4844.74 Safari/537.36"
[2022-03-23T18:06:41.612] [ERROR] http - ::1 - - "GET /assets/transaction/dateformat.js HTTP/1.1" 404 171 "http://localhost:9003/main" "Mozilla/5.0 (Windows NT 10.0; Win64; x64) AppleWebKit/537.36 (KHTML, like Gecko) Chrome/99.0.4844.74 Safari/537.36"
[2022-03-23T18:06:41.616] [ERROR] http - ::1 - - "GET /assets/transaction/multiselectActions.js HTTP/1.1" 404 179 "http://localhost:9003/main" "Mozilla/5.0 (Windows NT 10.0; Win64; x64) AppleWebKit/537.36 (KHTML, like Gecko) Chrome/99.0.4844.74 Safari/537.36"
[2022-03-23T18:06:41.619] [ERROR] http - ::1 - - "GET /assets/javascript/formDesign.js HTTP/1.1" 404 170 "http://localhost:9003/main" "Mozilla/5.0 (Windows NT 10.0; Win64; x64) AppleWebKit/537.36 (KHTML, like Gecko) Chrome/99.0.4844.74 Safari/537.36"
[2022-03-23T18:06:41.634] [ERROR] http - ::1 - - "GET /assets/javascript/csv_download.js HTTP/1.1" 404 172 "http://localhost:9003/main" "Mozilla/5.0 (Windows NT 10.0; Win64; x64) AppleWebKit/537.36 (KHTML, like Gecko) Chrome/99.0.4844.74 Safari/537.36"
[2022-03-23T18:06:41.641] [ERROR] http - ::1 - - "GET /assets/javascript/fiscalyear.js HTTP/1.1" 404 170 "http://localhost:9003/main" "Mozilla/5.0 (Windows NT 10.0; Win64; x64) AppleWebKit/537.36 (KHTML, like Gecko) Chrome/99.0.4844.74 Safari/537.36"
[2022-03-23T18:06:41.653] [ERROR] http - ::1 - - "GET /assets/javascript/validationErr.js HTTP/1.1" 404 173 "http://localhost:9003/main" "Mozilla/5.0 (Windows NT 10.0; Win64; x64) AppleWebKit/537.36 (KHTML, like Gecko) Chrome/99.0.4844.74 Safari/537.36"
[2022-03-23T18:06:41.675] [ERROR] http - ::1 - - "GET /assets/img/avatars/3.jpg HTTP/1.1" 404 163 "http://localhost:9003/main" "Mozilla/5.0 (Windows NT 10.0; Win64; x64) AppleWebKit/537.36 (KHTML, like Gecko) Chrome/99.0.4844.74 Safari/537.36"
[2022-03-23T18:06:41.676] [ERROR] http - ::1 - - "GET /assets/img/avatars/6.jpg HTTP/1.1" 404 163 "http://localhost:9003/main" "Mozilla/5.0 (Windows NT 10.0; Win64; x64) AppleWebKit/537.36 (KHTML, like Gecko) Chrome/99.0.4844.74 Safari/537.36"
[2022-03-23T18:06:41.677] [ERROR] http - ::1 - - "GET /assets/img/avatars/4.jpg HTTP/1.1" 404 163 "http://localhost:9003/main" "Mozilla/5.0 (Windows NT 10.0; Win64; x64) AppleWebKit/537.36 (KHTML, like Gecko) Chrome/99.0.4844.74 Safari/537.36"
[2022-03-23T18:06:41.682] [ERROR] http - ::1 - - "GET /assets/img/avatars/2.jpg HTTP/1.1" 404 163 "http://localhost:9003/main" "Mozilla/5.0 (Windows NT 10.0; Win64; x64) AppleWebKit/537.36 (KHTML, like Gecko) Chrome/99.0.4844.74 Safari/537.36"
[2022-03-23T18:06:41.690] [ERROR] http - ::1 - - "GET /assets/img/avatars/5.jpg HTTP/1.1" 404 163 "http://localhost:9003/main" "Mozilla/5.0 (Windows NT 10.0; Win64; x64) AppleWebKit/537.36 (KHTML, like Gecko) Chrome/99.0.4844.74 Safari/537.36"
[2022-03-23T18:06:46.430] [WARN] http - ::1 - - "GET /logout HTTP/1.1" 302 54 "http://localhost:9003/main" "Mozilla/5.0 (Windows NT 10.0; Win64; x64) AppleWebKit/537.36 (KHTML, like Gecko) Chrome/99.0.4844.74 Safari/537.36"
[2022-03-23T18:06:46.436] [WARN] http - ::1 - - "GET /login HTTP/1.1" 302 46 "http://localhost:9003/main" "Mozilla/5.0 (Windows NT 10.0; Win64; x64) AppleWebKit/537.36 (KHTML, like Gecko) Chrome/99.0.4844.74 Safari/537.36"
[2022-03-23T18:39:30.371] [ERROR] http - ::1 - - "GET /jadoo/public/index.html HTTP/1.1" 404 162 "" "Mozilla/5.0 (Windows NT 10.0; Win64; x64) AppleWebKit/537.36 (KHTML, like Gecko) Chrome/99.0.4844.74 Safari/537.36"
[2022-03-23T18:39:37.740] [ERROR] http - ::1 - - "GET /jadoo/public/index.html HTTP/1.1" 404 162 "" "Mozilla/5.0 (Windows NT 10.0; Win64; x64) AppleWebKit/537.36 (KHTML, like Gecko) Chrome/99.0.4844.74 Safari/537.36"
[2022-03-23T18:41:46.092] [ERROR] http - ::1 - - "GET /assets/css/theme.css HTTP/1.1" 404 159 "http://localhost:9003/" "Mozilla/5.0 (Windows NT 10.0; Win64; x64) AppleWebKit/537.36 (KHTML, like Gecko) Chrome/99.0.4844.74 Safari/537.36"
[2022-03-23T18:41:46.192] [ERROR] http - ::1 - - "GET /vendors/is/is.min.js HTTP/1.1" 404 159 "http://localhost:9003/" "Mozilla/5.0 (Windows NT 10.0; Win64; x64) AppleWebKit/537.36 (KHTML, like Gecko) Chrome/99.0.4844.74 Safari/537.36"
[2022-03-23T18:41:46.195] [ERROR] http - ::1 - - "GET /vendors/bootstrap/bootstrap.min.js HTTP/1.1" 404 173 "http://localhost:9003/" "Mozilla/5.0 (Windows NT 10.0; Win64; x64) AppleWebKit/537.36 (KHTML, like Gecko) Chrome/99.0.4844.74 Safari/537.36"
[2022-03-23T18:41:46.206] [ERROR] http - ::1 - - "GET /vendors/@popperjs/popper.min.js HTTP/1.1" 404 170 "http://localhost:9003/" "Mozilla/5.0 (Windows NT 10.0; Win64; x64) AppleWebKit/537.36 (KHTML, like Gecko) Chrome/99.0.4844.74 Safari/537.36"
[2022-03-23T18:41:46.209] [ERROR] http - ::1 - - "GET /vendors/fontawesome/all.min.js HTTP/1.1" 404 169 "http://localhost:9003/" "Mozilla/5.0 (Windows NT 10.0; Win64; x64) AppleWebKit/537.36 (KHTML, like Gecko) Chrome/99.0.4844.74 Safari/537.36"
[2022-03-23T18:41:46.212] [ERROR] http - ::1 - - "GET /assets/js/theme.js HTTP/1.1" 404 157 "http://localhost:9003/" "Mozilla/5.0 (Windows NT 10.0; Win64; x64) AppleWebKit/537.36 (KHTML, like Gecko) Chrome/99.0.4844.74 Safari/537.36"
[2022-03-23T18:41:46.257] [ERROR] http - ::1 - - "GET /assets/img/hero/hero-img.png HTTP/1.1" 404 167 "http://localhost:9003/" "Mozilla/5.0 (Windows NT 10.0; Win64; x64) AppleWebKit/537.36 (KHTML, like Gecko) Chrome/99.0.4844.74 Safari/537.36"
[2022-03-23T18:41:46.305] [ERROR] http - ::1 - - "GET /assets/img/hero/play.svg HTTP/1.1" 404 163 "http://localhost:9003/" "Mozilla/5.0 (Windows NT 10.0; Win64; x64) AppleWebKit/537.36 (KHTML, like Gecko) Chrome/99.0.4844.74 Safari/537.36"
[2022-03-23T18:41:46.308] [ERROR] http - ::1 - - "GET /assets/img/category/shape.svg HTTP/1.1" 404 168 "http://localhost:9003/" "Mozilla/5.0 (Windows NT 10.0; Win64; x64) AppleWebKit/537.36 (KHTML, like Gecko) Chrome/99.0.4844.74 Safari/537.36"
[2022-03-23T18:41:46.311] [ERROR] http - ::1 - - "GET /assets/img/category/icon1.png HTTP/1.1" 404 168 "http://localhost:9003/" "Mozilla/5.0 (Windows NT 10.0; Win64; x64) AppleWebKit/537.36 (KHTML, like Gecko) Chrome/99.0.4844.74 Safari/537.36"
[2022-03-23T18:41:46.320] [ERROR] http - ::1 - - "GET /assets/img/category/icon2.png HTTP/1.1" 404 168 "http://localhost:9003/" "Mozilla/5.0 (Windows NT 10.0; Win64; x64) AppleWebKit/537.36 (KHTML, like Gecko) Chrome/99.0.4844.74 Safari/537.36"
[2022-03-23T18:41:46.322] [ERROR] http - ::1 - - "GET /assets/img/category/icon3.png HTTP/1.1" 404 168 "http://localhost:9003/" "Mozilla/5.0 (Windows NT 10.0; Win64; x64) AppleWebKit/537.36 (KHTML, like Gecko) Chrome/99.0.4844.74 Safari/537.36"
[2022-03-23T18:41:46.401] [ERROR] http - ::1 - - "GET /assets/img/hero/hero-bg.svg HTTP/1.1" 404 166 "http://localhost:9003/" "Mozilla/5.0 (Windows NT 10.0; Win64; x64) AppleWebKit/537.36 (KHTML, like Gecko) Chrome/99.0.4844.74 Safari/537.36"
[2022-03-23T18:41:46.427] [ERROR] http - ::1 - - "GET /assets/img/category/icon4.png HTTP/1.1" 404 168 "http://localhost:9003/" "Mozilla/5.0 (Windows NT 10.0; Win64; x64) AppleWebKit/537.36 (KHTML, like Gecko) Chrome/99.0.4844.74 Safari/537.36"
[2022-03-23T18:41:46.429] [ERROR] http - ::1 - - "GET /assets/img/dest/shape.svg HTTP/1.1" 404 164 "http://localhost:9003/" "Mozilla/5.0 (Windows NT 10.0; Win64; x64) AppleWebKit/537.36 (KHTML, like Gecko) Chrome/99.0.4844.74 Safari/537.36"
[2022-03-23T18:41:46.466] [ERROR] http - ::1 - - "GET /assets/img/dest/dest1.jpg HTTP/1.1" 404 164 "http://localhost:9003/" "Mozilla/5.0 (Windows NT 10.0; Win64; x64) AppleWebKit/537.36 (KHTML, like Gecko) Chrome/99.0.4844.74 Safari/537.36"
[2022-03-23T18:41:46.468] [ERROR] http - ::1 - - "GET /assets/img/dest/navigation.svg HTTP/1.1" 404 169 "http://localhost:9003/" "Mozilla/5.0 (Windows NT 10.0; Win64; x64) AppleWebKit/537.36 (KHTML, like Gecko) Chrome/99.0.4844.74 Safari/537.36"
[2022-03-23T18:41:46.471] [ERROR] http - ::1 - - "GET /assets/img/dest/dest2.jpg HTTP/1.1" 404 164 "http://localhost:9003/" "Mozilla/5.0 (Windows NT 10.0; Win64; x64) AppleWebKit/537.36 (KHTML, like Gecko) Chrome/99.0.4844.74 Safari/537.36"
[2022-03-23T18:41:46.489] [ERROR] http - ::1 - - "GET /assets/img/dest/dest3.jpg HTTP/1.1" 404 164 "http://localhost:9003/" "Mozilla/5.0 (Windows NT 10.0; Win64; x64) AppleWebKit/537.36 (KHTML, like Gecko) Chrome/99.0.4844.74 Safari/537.36"
[2022-03-23T18:41:46.526] [ERROR] http - ::1 - - "GET /assets/img/steps/selection.svg HTTP/1.1" 404 169 "http://localhost:9003/" "Mozilla/5.0 (Windows NT 10.0; Win64; x64) AppleWebKit/537.36 (KHTML, like Gecko) Chrome/99.0.4844.74 Safari/537.36"
[2022-03-23T18:41:46.527] [ERROR] http - ::1 - - "GET /assets/img/steps/water-sport.svg HTTP/1.1" 404 171 "http://localhost:9003/" "Mozilla/5.0 (Windows NT 10.0; Win64; x64) AppleWebKit/537.36 (KHTML, like Gecko) Chrome/99.0.4844.74 Safari/537.36"
[2022-03-23T18:41:46.574] [ERROR] http - ::1 - - "GET /assets/img/steps/taxi.svg HTTP/1.1" 404 164 "http://localhost:9003/" "Mozilla/5.0 (Windows NT 10.0; Win64; x64) AppleWebKit/537.36 (KHTML, like Gecko) Chrome/99.0.4844.74 Safari/537.36"
[2022-03-23T18:41:46.575] [ERROR] http - ::1 - - "GET /assets/img/steps/bg.png HTTP/1.1" 404 162 "http://localhost:9003/" "Mozilla/5.0 (Windows NT 10.0; Win64; x64) AppleWebKit/537.36 (KHTML, like Gecko) Chrome/99.0.4844.74 Safari/537.36"
[2022-03-23T18:41:46.576] [ERROR] http - ::1 - - "GET /assets/img/steps/Scan%20the%20QR%20code%20with%20AR.gif HTTP/1.1" 404 194 "http://localhost:9003/" "Mozilla/5.0 (Windows NT 10.0; Win64; x64) AppleWebKit/537.36 (KHTML, like Gecko) Chrome/99.0.4844.74 Safari/537.36"
[2022-03-23T18:41:46.593] [ERROR] http - ::1 - - "GET /assets/img/steps/leaf.svg HTTP/1.1" 404 164 "http://localhost:9003/" "Mozilla/5.0 (Windows NT 10.0; Win64; x64) AppleWebKit/537.36 (KHTML, like Gecko) Chrome/99.0.4844.74 Safari/537.36"
[2022-03-23T18:41:46.621] [ERROR] http - ::1 - - "GET /assets/img/steps/map.svg HTTP/1.1" 404 163 "http://localhost:9003/" "Mozilla/5.0 (Windows NT 10.0; Win64; x64) AppleWebKit/537.36 (KHTML, like Gecko) Chrome/99.0.4844.74 Safari/537.36"
[2022-03-23T18:41:46.622] [ERROR] http - ::1 - - "GET /assets/img/steps/send.svg HTTP/1.1" 404 164 "http://localhost:9003/" "Mozilla/5.0 (Windows NT 10.0; Win64; x64) AppleWebKit/537.36 (KHTML, like Gecko) Chrome/99.0.4844.74 Safari/537.36"
[2022-03-23T18:41:46.646] [ERROR] http - ::1 - - "GET /assets/img/steps/building.svg HTTP/1.1" 404 168 "http://localhost:9003/" "Mozilla/5.0 (Windows NT 10.0; Win64; x64) AppleWebKit/537.36 (KHTML, like Gecko) Chrome/99.0.4844.74 Safari/537.36"
[2022-03-23T18:41:46.648] [ERROR] http - ::1 - - "GET /assets/img/steps/favorite-placeholder.png HTTP/1.1" 404 180 "http://localhost:9003/" "Mozilla/5.0 (Windows NT 10.0; Win64; x64) AppleWebKit/537.36 (KHTML, like Gecko) Chrome/99.0.4844.74 Safari/537.36"
[2022-03-23T18:41:46.649] [ERROR] http - ::1 - - "GET /assets/img/steps/heart.svg HTTP/1.1" 404 165 "http://localhost:9003/" "Mozilla/5.0 (Windows NT 10.0; Win64; x64) AppleWebKit/537.36 (KHTML, like Gecko) Chrome/99.0.4844.74 Safari/537.36"
[2022-03-23T18:41:46.661] [ERROR] http - ::1 - - "GET /assets/img/testimonial/author.png HTTP/1.1" 404 172 "http://localhost:9003/" "Mozilla/5.0 (Windows NT 10.0; Win64; x64) AppleWebKit/537.36 (KHTML, like Gecko) Chrome/99.0.4844.74 Safari/537.36"
[2022-03-23T18:41:46.680] [ERROR] http - ::1 - - "GET /assets/img/testimonial/author2.png HTTP/1.1" 404 173 "http://localhost:9003/" "Mozilla/5.0 (Windows NT 10.0; Win64; x64) AppleWebKit/537.36 (KHTML, like Gecko) Chrome/99.0.4844.74 Safari/537.36"
[2022-03-23T18:41:46.682] [ERROR] http - ::1 - - "GET /assets/img/testimonial/author3.png HTTP/1.1" 404 173 "http://localhost:9003/" "Mozilla/5.0 (Windows NT 10.0; Win64; x64) AppleWebKit/537.36 (KHTML, like Gecko) Chrome/99.0.4844.74 Safari/537.36"
[2022-03-23T18:41:46.720] [ERROR] http - ::1 - - "GET /assets/img/icons/up.svg HTTP/1.1" 404 162 "http://localhost:9003/" "Mozilla/5.0 (Windows NT 10.0; Win64; x64) AppleWebKit/537.36 (KHTML, like Gecko) Chrome/99.0.4844.74 Safari/537.36"
[2022-03-23T18:41:46.722] [ERROR] http - ::1 - - "GET /assets/img/icons/down.svg HTTP/1.1" 404 164 "http://localhost:9003/" "Mozilla/5.0 (Windows NT 10.0; Win64; x64) AppleWebKit/537.36 (KHTML, like Gecko) Chrome/99.0.4844.74 Safari/537.36"
[2022-03-23T18:41:46.723] [ERROR] http - ::1 - - "GET /assets/img/partner/1.png HTTP/1.1" 404 163 "http://localhost:9003/" "Mozilla/5.0 (Windows NT 10.0; Win64; x64) AppleWebKit/537.36 (KHTML, like Gecko) Chrome/99.0.4844.74 Safari/537.36"
[2022-03-23T18:41:46.734] [ERROR] http - ::1 - - "GET /assets/img/partner/2.png HTTP/1.1" 404 163 "http://localhost:9003/" "Mozilla/5.0 (Windows NT 10.0; Win64; x64) AppleWebKit/537.36 (KHTML, like Gecko) Chrome/99.0.4844.74 Safari/537.36"
[2022-03-23T18:41:46.754] [ERROR] http - ::1 - - "GET /assets/img/partner/3.png HTTP/1.1" 404 163 "http://localhost:9003/" "Mozilla/5.0 (Windows NT 10.0; Win64; x64) AppleWebKit/537.36 (KHTML, like Gecko) Chrome/99.0.4844.74 Safari/537.36"
[2022-03-23T18:41:46.755] [ERROR] http - ::1 - - "GET /assets/img/partner/4.png HTTP/1.1" 404 163 "http://localhost:9003/" "Mozilla/5.0 (Windows NT 10.0; Win64; x64) AppleWebKit/537.36 (KHTML, like Gecko) Chrome/99.0.4844.74 Safari/537.36"
[2022-03-23T18:41:46.781] [ERROR] http - ::1 - - "GET /assets/img/partner/5.png HTTP/1.1" 404 163 "http://localhost:9003/" "Mozilla/5.0 (Windows NT 10.0; Win64; x64) AppleWebKit/537.36 (KHTML, like Gecko) Chrome/99.0.4844.74 Safari/537.36"
[2022-03-23T18:41:46.782] [ERROR] http - ::1 - - "GET /assets/img/cta/send.png HTTP/1.1" 404 162 "http://localhost:9003/" "Mozilla/5.0 (Windows NT 10.0; Win64; x64) AppleWebKit/537.36 (KHTML, like Gecko) Chrome/99.0.4844.74 Safari/537.36"
[2022-03-23T18:41:46.783] [ERROR] http - ::1 - - "GET /assets/img/cta/shape-bg2.png HTTP/1.1" 404 167 "http://localhost:9003/" "Mozilla/5.0 (Windows NT 10.0; Win64; x64) AppleWebKit/537.36 (KHTML, like Gecko) Chrome/99.0.4844.74 Safari/537.36"
[2022-03-23T18:41:46.799] [ERROR] http - ::1 - - "GET /assets/img/cta/shape-bg1.png HTTP/1.1" 404 167 "http://localhost:9003/" "Mozilla/5.0 (Windows NT 10.0; Win64; x64) AppleWebKit/537.36 (KHTML, like Gecko) Chrome/99.0.4844.74 Safari/537.36"
[2022-03-23T18:41:46.818] [ERROR] http - ::1 - - "GET /assets/img/cta/mail.svg HTTP/1.1" 404 162 "http://localhost:9003/" "Mozilla/5.0 (Windows NT 10.0; Win64; x64) AppleWebKit/537.36 (KHTML, like Gecko) Chrome/99.0.4844.74 Safari/537.36"
[2022-03-23T18:41:46.819] [ERROR] http - ::1 - - "GET /assets/img/play-store.png HTTP/1.1" 404 164 "http://localhost:9003/" "Mozilla/5.0 (Windows NT 10.0; Win64; x64) AppleWebKit/537.36 (KHTML, like Gecko) Chrome/99.0.4844.74 Safari/537.36"
[2022-03-23T18:41:46.836] [ERROR] http - ::1 - - "GET /assets/img/apple-store.png HTTP/1.1" 404 165 "http://localhost:9003/" "Mozilla/5.0 (Windows NT 10.0; Win64; x64) AppleWebKit/537.36 (KHTML, like Gecko) Chrome/99.0.4844.74 Safari/537.36"
[2022-03-23T18:41:47.624] [ERROR] http - ::1 - - "GET /assets/img/favicons/favicon.ico HTTP/1.1" 404 170 "http://localhost:9003/" "Mozilla/5.0 (Windows NT 10.0; Win64; x64) AppleWebKit/537.36 (KHTML, like Gecko) Chrome/99.0.4844.74 Safari/537.36"
[2022-03-23T18:41:47.636] [ERROR] http - ::1 - - "GET /assets/img/favicons/favicon-32x32.png HTTP/1.1" 404 176 "http://localhost:9003/" "Mozilla/5.0 (Windows NT 10.0; Win64; x64) AppleWebKit/537.36 (KHTML, like Gecko) Chrome/99.0.4844.74 Safari/537.36"
[2022-03-23T18:41:47.654] [ERROR] http - ::1 - - "GET /assets/img/favicons/favicon-16x16.png HTTP/1.1" 404 176 "http://localhost:9003/" "Mozilla/5.0 (Windows NT 10.0; Win64; x64) AppleWebKit/537.36 (KHTML, like Gecko) Chrome/99.0.4844.74 Safari/537.36"
[2022-03-23T18:48:11.540] [INFO] http - ::1 - - "GET /signin HTTP/1.1" 200 16043 "http://localhost:9003/" "Mozilla/5.0 (Windows NT 10.0; Win64; x64) AppleWebKit/537.36 (KHTML, like Gecko) Chrome/99.0.4844.74 Safari/537.36"
[2022-03-23T18:48:11.589] [ERROR] http - ::1 - - "GET /vendor/jquery/jquery-1.11.1.min.js HTTP/1.1" 404 173 "http://localhost:9003/signin" "Mozilla/5.0 (Windows NT 10.0; Win64; x64) AppleWebKit/537.36 (KHTML, like Gecko) Chrome/99.0.4844.74 Safari/537.36"
[2022-03-23T18:48:11.591] [ERROR] http - ::1 - - "GET /vendor/jquery/jquery_ui/jquery-ui.min.js HTTP/1.1" 404 179 "http://localhost:9003/signin" "Mozilla/5.0 (Windows NT 10.0; Win64; x64) AppleWebKit/537.36 (KHTML, like Gecko) Chrome/99.0.4844.74 Safari/537.36"
[2022-03-23T18:48:11.596] [ERROR] http - ::1 - - "GET /assets/javascript/login.js HTTP/1.1" 404 165 "http://localhost:9003/signin" "Mozilla/5.0 (Windows NT 10.0; Win64; x64) AppleWebKit/537.36 (KHTML, like Gecko) Chrome/99.0.4844.74 Safari/537.36"
[2022-03-23T18:53:38.583] [INFO] http - ::1 - - "GET /signin HTTP/1.1" 200 16043 "http://localhost:9003/" "Mozilla/5.0 (Windows NT 10.0; Win64; x64) AppleWebKit/537.36 (KHTML, like Gecko) Chrome/99.0.4844.74 Safari/537.36"
[2022-03-23T18:53:38.731] [ERROR] http - ::1 - - "GET /vendor/jquery/jquery-1.11.1.min.js HTTP/1.1" 404 173 "http://localhost:9003/signin" "Mozilla/5.0 (Windows NT 10.0; Win64; x64) AppleWebKit/537.36 (KHTML, like Gecko) Chrome/99.0.4844.74 Safari/537.36"
[2022-03-23T18:53:38.745] [ERROR] http - ::1 - - "GET /vendor/jquery/jquery_ui/jquery-ui.min.js HTTP/1.1" 404 179 "http://localhost:9003/signin" "Mozilla/5.0 (Windows NT 10.0; Win64; x64) AppleWebKit/537.36 (KHTML, like Gecko) Chrome/99.0.4844.74 Safari/537.36"
[2022-03-23T18:53:38.758] [ERROR] http - ::1 - - "GET /assets/javascript/login.js HTTP/1.1" 404 165 "http://localhost:9003/signin" "Mozilla/5.0 (Windows NT 10.0; Win64; x64) AppleWebKit/537.36 (KHTML, like Gecko) Chrome/99.0.4844.74 Safari/537.36"
[2022-03-23T18:55:00.492] [INFO] http - ::1 - - "GET /signin HTTP/1.1" 200 16047 "http://localhost:9003/" "Mozilla/5.0 (Linux; Android 11; Pixel 5) AppleWebKit/537.36 (KHTML, like Gecko) Chrome/90.0.4430.91 Mobile Safari/537.36"
[2022-03-23T18:55:00.566] [ERROR] http - ::1 - - "GET /vendor/jquery/jquery-1.11.1.min.js HTTP/1.1" 404 173 "http://localhost:9003/signin" "Mozilla/5.0 (Linux; Android 11; Pixel 5) AppleWebKit/537.36 (KHTML, like Gecko) Chrome/90.0.4430.91 Mobile Safari/537.36"
[2022-03-23T18:55:00.569] [ERROR] http - ::1 - - "GET /vendor/jquery/jquery_ui/jquery-ui.min.js HTTP/1.1" 404 179 "http://localhost:9003/signin" "Mozilla/5.0 (Linux; Android 11; Pixel 5) AppleWebKit/537.36 (KHTML, like Gecko) Chrome/90.0.4430.91 Mobile Safari/537.36"
[2022-03-23T18:55:00.577] [ERROR] http - ::1 - - "GET /assets/javascript/login.js HTTP/1.1" 404 165 "http://localhost:9003/signin" "Mozilla/5.0 (Linux; Android 11; Pixel 5) AppleWebKit/537.36 (KHTML, like Gecko) Chrome/90.0.4430.91 Mobile Safari/537.36"
[2022-03-23T18:57:00.748] [INFO] http - ::1 - - "GET /signin HTTP/1.1" 200 16193 "http://localhost:9003/" "Mozilla/5.0 (Windows NT 10.0; Win64; x64) AppleWebKit/537.36 (KHTML, like Gecko) Chrome/99.0.4844.74 Safari/537.36"
[2022-03-23T18:57:00.788] [ERROR] http - ::1 - - "GET /public/vendor/jquery/jquery-1.11.1.min.js HTTP/1.1" 404 180 "http://localhost:9003/signin" "Mozilla/5.0 (Windows NT 10.0; Win64; x64) AppleWebKit/537.36 (KHTML, like Gecko) Chrome/99.0.4844.74 Safari/537.36"
[2022-03-23T18:57:00.802] [ERROR] http - ::1 - - "GET /public/vendor/jquery/jquery_ui/jquery-ui.min.js HTTP/1.1" 404 186 "http://localhost:9003/signin" "Mozilla/5.0 (Windows NT 10.0; Win64; x64) AppleWebKit/537.36 (KHTML, like Gecko) Chrome/99.0.4844.74 Safari/537.36"
[2022-03-23T18:57:00.819] [ERROR] http - ::1 - - "GET /public/assets/javascript/login.js HTTP/1.1" 404 172 "http://localhost:9003/signin" "Mozilla/5.0 (Windows NT 10.0; Win64; x64) AppleWebKit/537.36 (KHTML, like Gecko) Chrome/99.0.4844.74 Safari/537.36"
[2022-03-23T18:57:05.956] [WARN] http - ::1 - - "GET /signin HTTP/1.1" 304 - "http://localhost:9003/" "Mozilla/5.0 (Windows NT 10.0; Win64; x64) AppleWebKit/537.36 (KHTML, like Gecko) Chrome/99.0.4844.74 Safari/537.36"
[2022-03-23T18:57:06.053] [ERROR] http - ::1 - - "GET /public/vendor/jquery/jquery-1.11.1.min.js HTTP/1.1" 404 180 "http://localhost:9003/signin" "Mozilla/5.0 (Windows NT 10.0; Win64; x64) AppleWebKit/537.36 (KHTML, like Gecko) Chrome/99.0.4844.74 Safari/537.36"
[2022-03-23T18:57:06.056] [ERROR] http - ::1 - - "GET /public/vendor/jquery/jquery_ui/jquery-ui.min.js HTTP/1.1" 404 186 "http://localhost:9003/signin" "Mozilla/5.0 (Windows NT 10.0; Win64; x64) AppleWebKit/537.36 (KHTML, like Gecko) Chrome/99.0.4844.74 Safari/537.36"
[2022-03-23T18:57:06.062] [ERROR] http - ::1 - - "GET /public/assets/javascript/login.js HTTP/1.1" 404 172 "http://localhost:9003/signin" "Mozilla/5.0 (Windows NT 10.0; Win64; x64) AppleWebKit/537.36 (KHTML, like Gecko) Chrome/99.0.4844.74 Safari/537.36"
[2022-03-23T18:58:50.920] [ERROR] http - ::1 - - "GET /vendor/jquery/jquery-1.11.1.min.js HTTP/1.1" 404 173 "" "Mozilla/5.0 (Linux; Android 11; Pixel 5) AppleWebKit/537.36 (KHTML, like Gecko) Chrome/90.0.4430.91 Mobile Safari/537.36"
[2022-03-23T18:59:03.805] [ERROR] http - ::1 - - "GET /public/vendor/jquery/jquery-1.11.1.min.js HTTP/1.1" 404 180 "" "Mozilla/5.0 (Linux; Android 11; Pixel 5) AppleWebKit/537.36 (KHTML, like Gecko) Chrome/90.0.4430.91 Mobile Safari/537.36"
[2022-03-23T18:59:08.513] [ERROR] http - ::1 - - "GET /jquery/jquery-1.11.1.min.js HTTP/1.1" 404 166 "" "Mozilla/5.0 (Linux; Android 11; Pixel 5) AppleWebKit/537.36 (KHTML, like Gecko) Chrome/90.0.4430.91 Mobile Safari/537.36"
[2022-03-23T19:00:23.685] [ERROR] http - ::1 - - "GET /jquery/jquery-1.11.1.min.js HTTP/1.1" 404 166 "" "Mozilla/5.0 (Linux; Android 11; Pixel 5) AppleWebKit/537.36 (KHTML, like Gecko) Chrome/90.0.4430.91 Mobile Safari/537.36"
[2022-03-23T19:00:29.664] [INFO] http - ::1 - - "GET /signin HTTP/1.1" 200 16199 "http://localhost:9003/" "Mozilla/5.0 (Windows NT 10.0; Win64; x64) AppleWebKit/537.36 (KHTML, like Gecko) Chrome/99.0.4844.74 Safari/537.36"
[2022-03-23T19:00:29.733] [ERROR] http - ::1 - - "GET /public/vendor/jquery/jquery-1.11.1.min.js HTTP/1.1" 404 180 "http://localhost:9003/signin" "Mozilla/5.0 (Windows NT 10.0; Win64; x64) AppleWebKit/537.36 (KHTML, like Gecko) Chrome/99.0.4844.74 Safari/537.36"
[2022-03-23T19:00:29.736] [ERROR] http - ::1 - - "GET /public/vendor/jquery/jquery_ui/jquery-ui.min.js HTTP/1.1" 404 186 "http://localhost:9003/signin" "Mozilla/5.0 (Windows NT 10.0; Win64; x64) AppleWebKit/537.36 (KHTML, like Gecko) Chrome/99.0.4844.74 Safari/537.36"
[2022-03-23T19:00:29.741] [ERROR] http - ::1 - - "GET /public/assets/javascript/login.js HTTP/1.1" 404 172 "http://localhost:9003/signin" "Mozilla/5.0 (Windows NT 10.0; Win64; x64) AppleWebKit/537.36 (KHTML, like Gecko) Chrome/99.0.4844.74 Safari/537.36"
[2022-03-23T19:01:23.556] [WARN] http - ::1 - - "GET /signin HTTP/1.1" 304 - "http://localhost:9003/" "Mozilla/5.0 (Linux; Android 11; Pixel 5) AppleWebKit/537.36 (KHTML, like Gecko) Chrome/90.0.4430.91 Mobile Safari/537.36"
[2022-03-23T19:01:23.600] [ERROR] http - ::1 - - "GET /public/vendor/jquery/jquery-1.11.1.min.js HTTP/1.1" 404 180 "http://localhost:9003/signin" "Mozilla/5.0 (Linux; Android 11; Pixel 5) AppleWebKit/537.36 (KHTML, like Gecko) Chrome/90.0.4430.91 Mobile Safari/537.36"
[2022-03-23T19:01:23.602] [ERROR] http - ::1 - - "GET /public/vendor/jquery/jquery_ui/jquery-ui.min.js HTTP/1.1" 404 186 "http://localhost:9003/signin" "Mozilla/5.0 (Linux; Android 11; Pixel 5) AppleWebKit/537.36 (KHTML, like Gecko) Chrome/90.0.4430.91 Mobile Safari/537.36"
[2022-03-23T19:01:23.607] [ERROR] http - ::1 - - "GET /public/assets/javascript/login.js HTTP/1.1" 404 172 "http://localhost:9003/signin" "Mozilla/5.0 (Linux; Android 11; Pixel 5) AppleWebKit/537.36 (KHTML, like Gecko) Chrome/90.0.4430.91 Mobile Safari/537.36"
[2022-03-23T19:01:27.133] [WARN] http - ::1 - - "GET /signin HTTP/1.1" 304 - "http://localhost:9003/" "Mozilla/5.0 (Windows NT 10.0; Win64; x64) AppleWebKit/537.36 (KHTML, like Gecko) Chrome/99.0.4844.74 Safari/537.36"
[2022-03-23T19:01:27.184] [ERROR] http - ::1 - - "GET /public/vendor/jquery/jquery-1.11.1.min.js HTTP/1.1" 404 180 "http://localhost:9003/signin" "Mozilla/5.0 (Windows NT 10.0; Win64; x64) AppleWebKit/537.36 (KHTML, like Gecko) Chrome/99.0.4844.74 Safari/537.36"
[2022-03-23T19:01:27.194] [ERROR] http - ::1 - - "GET /public/vendor/jquery/jquery_ui/jquery-ui.min.js HTTP/1.1" 404 186 "http://localhost:9003/signin" "Mozilla/5.0 (Windows NT 10.0; Win64; x64) AppleWebKit/537.36 (KHTML, like Gecko) Chrome/99.0.4844.74 Safari/537.36"
[2022-03-23T19:01:27.197] [ERROR] http - ::1 - - "GET /public/assets/javascript/login.js HTTP/1.1" 404 172 "http://localhost:9003/signin" "Mozilla/5.0 (Windows NT 10.0; Win64; x64) AppleWebKit/537.36 (KHTML, like Gecko) Chrome/99.0.4844.74 Safari/537.36"
[2022-03-23T19:01:56.303] [WARN] http - ::1 - - "GET /signin HTTP/1.1" 304 - "http://localhost:9003/" "Mozilla/5.0 (Windows NT 10.0; Win64; x64) AppleWebKit/537.36 (KHTML, like Gecko) Chrome/99.0.4844.74 Safari/537.36"
[2022-03-23T19:01:56.374] [ERROR] http - ::1 - - "GET /public/vendor/jquery/jquery-1.11.1.min.js HTTP/1.1" 404 180 "http://localhost:9003/signin" "Mozilla/5.0 (Windows NT 10.0; Win64; x64) AppleWebKit/537.36 (KHTML, like Gecko) Chrome/99.0.4844.74 Safari/537.36"
[2022-03-23T19:01:56.376] [ERROR] http - ::1 - - "GET /public/vendor/jquery/jquery_ui/jquery-ui.min.js HTTP/1.1" 404 186 "http://localhost:9003/signin" "Mozilla/5.0 (Windows NT 10.0; Win64; x64) AppleWebKit/537.36 (KHTML, like Gecko) Chrome/99.0.4844.74 Safari/537.36"
[2022-03-23T19:01:56.383] [ERROR] http - ::1 - - "GET /public/assets/javascript/login.js HTTP/1.1" 404 172 "http://localhost:9003/signin" "Mozilla/5.0 (Windows NT 10.0; Win64; x64) AppleWebKit/537.36 (KHTML, like Gecko) Chrome/99.0.4844.74 Safari/537.36"
[2022-03-23T19:02:00.890] [WARN] http - ::1 - - "GET /signin HTTP/1.1" 304 - "http://localhost:9003/" "Mozilla/5.0 (Windows NT 10.0; Win64; x64) AppleWebKit/537.36 (KHTML, like Gecko) Chrome/99.0.4844.74 Safari/537.36"
[2022-03-23T19:02:00.973] [ERROR] http - ::1 - - "GET /public/vendor/jquery/jquery-1.11.1.min.js HTTP/1.1" 404 180 "http://localhost:9003/signin" "Mozilla/5.0 (Windows NT 10.0; Win64; x64) AppleWebKit/537.36 (KHTML, like Gecko) Chrome/99.0.4844.74 Safari/537.36"
[2022-03-23T19:02:00.974] [ERROR] http - ::1 - - "GET /public/vendor/jquery/jquery_ui/jquery-ui.min.js HTTP/1.1" 404 186 "http://localhost:9003/signin" "Mozilla/5.0 (Windows NT 10.0; Win64; x64) AppleWebKit/537.36 (KHTML, like Gecko) Chrome/99.0.4844.74 Safari/537.36"
[2022-03-23T19:02:00.981] [ERROR] http - ::1 - - "GET /public/assets/javascript/login.js HTTP/1.1" 404 172 "http://localhost:9003/signin" "Mozilla/5.0 (Windows NT 10.0; Win64; x64) AppleWebKit/537.36 (KHTML, like Gecko) Chrome/99.0.4844.74 Safari/537.36"
[2022-03-23T19:02:49.962] [WARN] http - ::1 - - "GET /signin HTTP/1.1" 304 - "http://localhost:9003/" "Mozilla/5.0 (Windows NT 10.0; Win64; x64) AppleWebKit/537.36 (KHTML, like Gecko) Chrome/99.0.4844.74 Safari/537.36"
[2022-03-23T19:02:50.056] [ERROR] http - ::1 - - "GET /public/vendor/jquery/jquery-1.11.1.min.js HTTP/1.1" 404 180 "http://localhost:9003/signin" "Mozilla/5.0 (Windows NT 10.0; Win64; x64) AppleWebKit/537.36 (KHTML, like Gecko) Chrome/99.0.4844.74 Safari/537.36"
[2022-03-23T19:02:50.058] [ERROR] http - ::1 - - "GET /public/vendor/jquery/jquery_ui/jquery-ui.min.js HTTP/1.1" 404 186 "http://localhost:9003/signin" "Mozilla/5.0 (Windows NT 10.0; Win64; x64) AppleWebKit/537.36 (KHTML, like Gecko) Chrome/99.0.4844.74 Safari/537.36"
[2022-03-23T19:02:50.097] [ERROR] http - ::1 - - "GET /public/assets/javascript/login.js HTTP/1.1" 404 172 "http://localhost:9003/signin" "Mozilla/5.0 (Windows NT 10.0; Win64; x64) AppleWebKit/537.36 (KHTML, like Gecko) Chrome/99.0.4844.74 Safari/537.36"
[2022-03-23T19:02:53.514] [ERROR] http - ::1 - - "GET /public/vendor/jquery/jquery-1.11.1.min.js HTTP/1.1" 404 180 "http://localhost:9003/" "Mozilla/5.0 (Windows NT 10.0; Win64; x64) AppleWebKit/537.36 (KHTML, like Gecko) Chrome/99.0.4844.74 Safari/537.36"
[2022-03-23T19:02:53.516] [ERROR] http - ::1 - - "GET /public/vendor/jquery/jquery_ui/jquery-ui.min.js HTTP/1.1" 404 186 "http://localhost:9003/" "Mozilla/5.0 (Windows NT 10.0; Win64; x64) AppleWebKit/537.36 (KHTML, like Gecko) Chrome/99.0.4844.74 Safari/537.36"
[2022-03-23T19:02:53.520] [ERROR] http - ::1 - - "GET /public/assets/javascript/login.js HTTP/1.1" 404 172 "http://localhost:9003/" "Mozilla/5.0 (Windows NT 10.0; Win64; x64) AppleWebKit/537.36 (KHTML, like Gecko) Chrome/99.0.4844.74 Safari/537.36"
[2022-03-23T19:02:55.209] [ERROR] http - ::1 - - "GET /public/vendor/jquery/jquery-1.11.1.min.js HTTP/1.1" 404 180 "http://localhost:9003/" "Mozilla/5.0 (Windows NT 10.0; Win64; x64) AppleWebKit/537.36 (KHTML, like Gecko) Chrome/99.0.4844.74 Safari/537.36"
[2022-03-23T19:02:55.211] [ERROR] http - ::1 - - "GET /public/vendor/jquery/jquery_ui/jquery-ui.min.js HTTP/1.1" 404 186 "http://localhost:9003/" "Mozilla/5.0 (Windows NT 10.0; Win64; x64) AppleWebKit/537.36 (KHTML, like Gecko) Chrome/99.0.4844.74 Safari/537.36"
[2022-03-23T19:02:55.216] [ERROR] http - ::1 - - "GET /public/assets/javascript/login.js HTTP/1.1" 404 172 "http://localhost:9003/" "Mozilla/5.0 (Windows NT 10.0; Win64; x64) AppleWebKit/537.36 (KHTML, like Gecko) Chrome/99.0.4844.74 Safari/537.36"
[2022-03-23T19:04:24.782] [INFO] http - ::1 - - "POST /login HTTP/1.1" 200 471 "http://localhost:9003/" "Mozilla/5.0 (Windows NT 10.0; Win64; x64) AppleWebKit/537.36 (KHTML, like Gecko) Chrome/99.0.4844.74 Safari/537.36"
[2022-03-23T19:04:24.799] [INFO] http - ::1 - - "POST /login HTTP/1.1" 200 471 "http://localhost:9003/" "Mozilla/5.0 (Linux; Android 11; Pixel 5) AppleWebKit/537.36 (KHTML, like Gecko) Chrome/90.0.4430.91 Mobile Safari/537.36"
[2022-03-23T19:04:25.027] [INFO] http - ::1 - - "GET /main HTTP/1.1" 200 34207 "http://localhost:9003/" "Mozilla/5.0 (Linux; Android 11; Pixel 5) AppleWebKit/537.36 (KHTML, like Gecko) Chrome/90.0.4430.91 Mobile Safari/537.36"
[2022-03-23T19:04:26.782] [ERROR] http - ::1 - - "GET /assets/transaction/getallurl.js HTTP/1.1" 404 170 "http://localhost:9003/main" "Mozilla/5.0 (Linux; Android 11; Pixel 5) AppleWebKit/537.36 (KHTML, like Gecko) Chrome/90.0.4430.91 Mobile Safari/537.36"
[2022-03-23T19:04:26.785] [ERROR] http - ::1 - - "GET /assets/transaction/numbercomma.js HTTP/1.1" 404 172 "http://localhost:9003/main" "Mozilla/5.0 (Linux; Android 11; Pixel 5) AppleWebKit/537.36 (KHTML, like Gecko) Chrome/90.0.4430.91 Mobile Safari/537.36"
[2022-03-23T19:04:26.799] [ERROR] http - ::1 - - "GET /assets/transaction/dateformat.js HTTP/1.1" 404 171 "http://localhost:9003/main" "Mozilla/5.0 (Linux; Android 11; Pixel 5) AppleWebKit/537.36 (KHTML, like Gecko) Chrome/90.0.4430.91 Mobile Safari/537.36"
[2022-03-23T19:04:26.878] [ERROR] http - ::1 - - "GET /assets/transaction/multiselectActions.js HTTP/1.1" 404 179 "http://localhost:9003/main" "Mozilla/5.0 (Linux; Android 11; Pixel 5) AppleWebKit/537.36 (KHTML, like Gecko) Chrome/90.0.4430.91 Mobile Safari/537.36"
[2022-03-23T19:04:26.905] [ERROR] http - ::1 - - "GET /assets/javascript/formDesign.js HTTP/1.1" 404 170 "http://localhost:9003/main" "Mozilla/5.0 (Linux; Android 11; Pixel 5) AppleWebKit/537.36 (KHTML, like Gecko) Chrome/90.0.4430.91 Mobile Safari/537.36"
[2022-03-23T19:04:26.933] [ERROR] http - ::1 - - "GET /assets/javascript/csv_download.js HTTP/1.1" 404 172 "http://localhost:9003/main" "Mozilla/5.0 (Linux; Android 11; Pixel 5) AppleWebKit/537.36 (KHTML, like Gecko) Chrome/90.0.4430.91 Mobile Safari/537.36"
[2022-03-23T19:04:26.979] [ERROR] http - ::1 - - "GET /assets/javascript/fiscalyear.js HTTP/1.1" 404 170 "http://localhost:9003/main" "Mozilla/5.0 (Linux; Android 11; Pixel 5) AppleWebKit/537.36 (KHTML, like Gecko) Chrome/90.0.4430.91 Mobile Safari/537.36"
[2022-03-23T19:04:27.084] [ERROR] http - ::1 - - "GET /assets/javascript/validationErr.js HTTP/1.1" 404 173 "http://localhost:9003/main" "Mozilla/5.0 (Linux; Android 11; Pixel 5) AppleWebKit/537.36 (KHTML, like Gecko) Chrome/90.0.4430.91 Mobile Safari/537.36"
[2022-03-23T19:04:27.157] [ERROR] http - ::1 - - "GET /assets/img/avatars/3.jpg HTTP/1.1" 404 163 "http://localhost:9003/main" "Mozilla/5.0 (Linux; Android 11; Pixel 5) AppleWebKit/537.36 (KHTML, like Gecko) Chrome/90.0.4430.91 Mobile Safari/537.36"
[2022-03-23T19:04:27.159] [ERROR] http - ::1 - - "GET /assets/img/avatars/6.jpg HTTP/1.1" 404 163 "http://localhost:9003/main" "Mozilla/5.0 (Linux; Android 11; Pixel 5) AppleWebKit/537.36 (KHTML, like Gecko) Chrome/90.0.4430.91 Mobile Safari/537.36"
[2022-03-23T19:04:27.160] [ERROR] http - ::1 - - "GET /assets/img/avatars/4.jpg HTTP/1.1" 404 163 "http://localhost:9003/main" "Mozilla/5.0 (Linux; Android 11; Pixel 5) AppleWebKit/537.36 (KHTML, like Gecko) Chrome/90.0.4430.91 Mobile Safari/537.36"
[2022-03-23T19:04:27.183] [ERROR] http - ::1 - - "GET /assets/img/avatars/2.jpg HTTP/1.1" 404 163 "http://localhost:9003/main" "Mozilla/5.0 (Linux; Android 11; Pixel 5) AppleWebKit/537.36 (KHTML, like Gecko) Chrome/90.0.4430.91 Mobile Safari/537.36"
[2022-03-23T19:04:27.185] [ERROR] http - ::1 - - "GET /assets/img/avatars/5.jpg HTTP/1.1" 404 163 "http://localhost:9003/main" "Mozilla/5.0 (Linux; Android 11; Pixel 5) AppleWebKit/537.36 (KHTML, like Gecko) Chrome/90.0.4430.91 Mobile Safari/537.36"
[2022-03-23T19:04:30.317] [INFO] http - ::1 - - "POST /evim/getcount HTTP/1.1" 200 152 "http://localhost:9003/main" "Mozilla/5.0 (Windows NT 10.0; Win64; x64) AppleWebKit/537.36 (KHTML, like Gecko) Chrome/99.0.4844.74 Safari/537.36"
[2022-03-23T19:04:31.192] [INFO] http - ::1 - - "POST /evim/getvisitorData HTTP/1.1" 200 1097 "http://localhost:9003/main" "Mozilla/5.0 (Windows NT 10.0; Win64; x64) AppleWebKit/537.36 (KHTML, like Gecko) Chrome/99.0.4844.74 Safari/537.36"
[2022-03-23T19:04:34.388] [WARN] http - ::1 - - "GET /logout HTTP/1.1" 302 54 "http://localhost:9003/main" "Mozilla/5.0 (Windows NT 10.0; Win64; x64) AppleWebKit/537.36 (KHTML, like Gecko) Chrome/99.0.4844.74 Safari/537.36"
[2022-03-23T19:04:44.689] [WARN] http - ::1 - - "GET /login HTTP/1.1" 302 46 "http://localhost:9003/main" "Mozilla/5.0 (Windows NT 10.0; Win64; x64) AppleWebKit/537.36 (KHTML, like Gecko) Chrome/99.0.4844.74 Safari/537.36"
[2022-03-23T19:04:44.701] [WARN] http - ::1 - - "GET /logout HTTP/1.1" 302 54 "http://localhost:9003/main" "Mozilla/5.0 (Windows NT 10.0; Win64; x64) AppleWebKit/537.36 (KHTML, like Gecko) Chrome/99.0.4844.74 Safari/537.36"
[2022-03-23T19:04:44.715] [WARN] http - ::1 - - "GET /login HTTP/1.1" 302 46 "http://localhost:9003/main" "Mozilla/5.0 (Windows NT 10.0; Win64; x64) AppleWebKit/537.36 (KHTML, like Gecko) Chrome/99.0.4844.74 Safari/537.36"
[2022-03-23T19:12:28.649] [ERROR] http - ::1 - - "GET /vendors/@popperjs/popper.min.js HTTP/1.1" 404 170 "http://localhost:9003/" "Mozilla/5.0 (Windows NT 10.0; Win64; x64) AppleWebKit/537.36 (KHTML, like Gecko) Chrome/99.0.4844.74 Safari/537.36"
[2022-03-23T19:12:28.651] [ERROR] http - ::1 - - "GET /vendors/bootstrap/bootstrap.min.js HTTP/1.1" 404 173 "http://localhost:9003/" "Mozilla/5.0 (Windows NT 10.0; Win64; x64) AppleWebKit/537.36 (KHTML, like Gecko) Chrome/99.0.4844.74 Safari/537.36"
[2022-03-23T19:12:28.653] [ERROR] http - ::1 - - "GET /vendors/is/is.min.js HTTP/1.1" 404 159 "http://localhost:9003/" "Mozilla/5.0 (Windows NT 10.0; Win64; x64) AppleWebKit/537.36 (KHTML, like Gecko) Chrome/99.0.4844.74 Safari/537.36"
[2022-03-23T19:12:28.669] [ERROR] http - ::1 - - "GET /vendors/fontawesome/all.min.js HTTP/1.1" 404 169 "http://localhost:9003/" "Mozilla/5.0 (Windows NT 10.0; Win64; x64) AppleWebKit/537.36 (KHTML, like Gecko) Chrome/99.0.4844.74 Safari/537.36"
[2022-03-23T19:14:01.772] [ERROR] http - ::1 - - "GET /vendors/@popperjs/popper.min.js HTTP/1.1" 404 170 "http://localhost:9003/" "Mozilla/5.0 (Windows NT 10.0; Win64; x64) AppleWebKit/537.36 (KHTML, like Gecko) Chrome/99.0.4844.74 Safari/537.36"
[2022-03-23T19:14:01.776] [ERROR] http - ::1 - - "GET /vendors/bootstrap/bootstrap.min.js HTTP/1.1" 404 173 "http://localhost:9003/" "Mozilla/5.0 (Windows NT 10.0; Win64; x64) AppleWebKit/537.36 (KHTML, like Gecko) Chrome/99.0.4844.74 Safari/537.36"
[2022-03-23T19:14:01.846] [ERROR] http - ::1 - - "GET /vendors/is/is.min.js HTTP/1.1" 404 159 "http://localhost:9003/" "Mozilla/5.0 (Windows NT 10.0; Win64; x64) AppleWebKit/537.36 (KHTML, like Gecko) Chrome/99.0.4844.74 Safari/537.36"
[2022-03-23T19:14:01.876] [ERROR] http - ::1 - - "GET /vendors/fontawesome/all.min.js HTTP/1.1" 404 169 "http://localhost:9003/" "Mozilla/5.0 (Windows NT 10.0; Win64; x64) AppleWebKit/537.36 (KHTML, like Gecko) Chrome/99.0.4844.74 Safari/537.36"
[2022-03-23T19:14:18.365] [INFO] http - ::1 - - "GET /signin HTTP/1.1" 200 16043 "http://localhost:9003/" "Mozilla/5.0 (Windows NT 10.0; Win64; x64) AppleWebKit/537.36 (KHTML, like Gecko) Chrome/99.0.4844.74 Safari/537.36"
[2022-03-23T19:14:35.316] [INFO] http - ::1 - - "POST /login HTTP/1.1" 200 471 "http://localhost:9003/signin" "Mozilla/5.0 (Linux; Android 11; Pixel 5) AppleWebKit/537.36 (KHTML, like Gecko) Chrome/90.0.4430.91 Mobile Safari/537.36"
[2022-03-23T19:14:35.348] [INFO] http - ::1 - - "GET /main HTTP/1.1" 200 34207 "http://localhost:9003/signin" "Mozilla/5.0 (Linux; Android 11; Pixel 5) AppleWebKit/537.36 (KHTML, like Gecko) Chrome/90.0.4430.91 Mobile Safari/537.36"
[2022-03-23T19:14:35.697] [ERROR] http - ::1 - - "GET /assets/transaction/getallurl.js HTTP/1.1" 404 170 "http://localhost:9003/main" "Mozilla/5.0 (Linux; Android 11; Pixel 5) AppleWebKit/537.36 (KHTML, like Gecko) Chrome/90.0.4430.91 Mobile Safari/537.36"
[2022-03-23T19:14:35.699] [ERROR] http - ::1 - - "GET /assets/transaction/numbercomma.js HTTP/1.1" 404 172 "http://localhost:9003/main" "Mozilla/5.0 (Linux; Android 11; Pixel 5) AppleWebKit/537.36 (KHTML, like Gecko) Chrome/90.0.4430.91 Mobile Safari/537.36"
[2022-03-23T19:14:35.709] [ERROR] http - ::1 - - "GET /assets/transaction/dateformat.js HTTP/1.1" 404 171 "http://localhost:9003/main" "Mozilla/5.0 (Linux; Android 11; Pixel 5) AppleWebKit/537.36 (KHTML, like Gecko) Chrome/90.0.4430.91 Mobile Safari/537.36"
[2022-03-23T19:14:35.745] [ERROR] http - ::1 - - "GET /assets/transaction/multiselectActions.js HTTP/1.1" 404 179 "http://localhost:9003/main" "Mozilla/5.0 (Linux; Android 11; Pixel 5) AppleWebKit/537.36 (KHTML, like Gecko) Chrome/90.0.4430.91 Mobile Safari/537.36"
[2022-03-23T19:14:35.815] [ERROR] http - ::1 - - "GET /assets/javascript/formDesign.js HTTP/1.1" 404 170 "http://localhost:9003/main" "Mozilla/5.0 (Linux; Android 11; Pixel 5) AppleWebKit/537.36 (KHTML, like Gecko) Chrome/90.0.4430.91 Mobile Safari/537.36"
[2022-03-23T19:14:35.821] [ERROR] http - ::1 - - "GET /assets/javascript/csv_download.js HTTP/1.1" 404 172 "http://localhost:9003/main" "Mozilla/5.0 (Linux; Android 11; Pixel 5) AppleWebKit/537.36 (KHTML, like Gecko) Chrome/90.0.4430.91 Mobile Safari/537.36"
[2022-03-23T19:14:35.847] [ERROR] http - ::1 - - "GET /assets/javascript/fiscalyear.js HTTP/1.1" 404 170 "http://localhost:9003/main" "Mozilla/5.0 (Linux; Android 11; Pixel 5) AppleWebKit/537.36 (KHTML, like Gecko) Chrome/90.0.4430.91 Mobile Safari/537.36"
[2022-03-23T19:14:35.955] [ERROR] http - ::1 - - "GET /assets/javascript/validationErr.js HTTP/1.1" 404 173 "http://localhost:9003/main" "Mozilla/5.0 (Linux; Android 11; Pixel 5) AppleWebKit/537.36 (KHTML, like Gecko) Chrome/90.0.4430.91 Mobile Safari/537.36"
[2022-03-23T19:14:36.010] [ERROR] http - ::1 - - "GET /assets/img/avatars/3.jpg HTTP/1.1" 404 163 "http://localhost:9003/main" "Mozilla/5.0 (Linux; Android 11; Pixel 5) AppleWebKit/537.36 (KHTML, like Gecko) Chrome/90.0.4430.91 Mobile Safari/537.36"
[2022-03-23T19:14:36.011] [ERROR] http - ::1 - - "GET /assets/img/avatars/6.jpg HTTP/1.1" 404 163 "http://localhost:9003/main" "Mozilla/5.0 (Linux; Android 11; Pixel 5) AppleWebKit/537.36 (KHTML, like Gecko) Chrome/90.0.4430.91 Mobile Safari/537.36"
[2022-03-23T19:14:36.012] [ERROR] http - ::1 - - "GET /assets/img/avatars/4.jpg HTTP/1.1" 404 163 "http://localhost:9003/main" "Mozilla/5.0 (Linux; Android 11; Pixel 5) AppleWebKit/537.36 (KHTML, like Gecko) Chrome/90.0.4430.91 Mobile Safari/537.36"
[2022-03-23T19:14:36.039] [ERROR] http - ::1 - - "GET /assets/img/avatars/2.jpg HTTP/1.1" 404 163 "http://localhost:9003/main" "Mozilla/5.0 (Linux; Android 11; Pixel 5) AppleWebKit/537.36 (KHTML, like Gecko) Chrome/90.0.4430.91 Mobile Safari/537.36"
[2022-03-23T19:14:36.071] [ERROR] http - ::1 - - "GET /assets/img/avatars/5.jpg HTTP/1.1" 404 163 "http://localhost:9003/main" "Mozilla/5.0 (Linux; Android 11; Pixel 5) AppleWebKit/537.36 (KHTML, like Gecko) Chrome/90.0.4430.91 Mobile Safari/537.36"
[2022-03-23T19:14:47.492] [INFO] http - ::1 - - "POST /evim/getcount HTTP/1.1" 200 152 "http://localhost:9003/main" "Mozilla/5.0 (Windows NT 10.0; Win64; x64) AppleWebKit/537.36 (KHTML, like Gecko) Chrome/99.0.4844.74 Safari/537.36"
[2022-03-23T19:14:49.118] [INFO] http - ::1 - - "POST /evim/getvisitorData HTTP/1.1" 200 1097 "http://localhost:9003/main" "Mozilla/5.0 (Windows NT 10.0; Win64; x64) AppleWebKit/537.36 (KHTML, like Gecko) Chrome/99.0.4844.74 Safari/537.36"
[2022-03-23T19:14:52.380] [WARN] http - ::1 - - "GET /logout HTTP/1.1" 302 54 "http://localhost:9003/main" "Mozilla/5.0 (Windows NT 10.0; Win64; x64) AppleWebKit/537.36 (KHTML, like Gecko) Chrome/99.0.4844.74 Safari/537.36"
[2022-03-23T19:14:52.390] [WARN] http - ::1 - - "GET /login HTTP/1.1" 302 46 "http://localhost:9003/main" "Mozilla/5.0 (Windows NT 10.0; Win64; x64) AppleWebKit/537.36 (KHTML, like Gecko) Chrome/99.0.4844.74 Safari/537.36"
[2022-03-23T19:14:52.439] [ERROR] http - ::1 - - "GET /vendors/@popperjs/popper.min.js HTTP/1.1" 404 170 "http://localhost:9003/" "Mozilla/5.0 (Windows NT 10.0; Win64; x64) AppleWebKit/537.36 (KHTML, like Gecko) Chrome/99.0.4844.74 Safari/537.36"
[2022-03-23T19:14:52.464] [ERROR] http - ::1 - - "GET /vendors/bootstrap/bootstrap.min.js HTTP/1.1" 404 173 "http://localhost:9003/" "Mozilla/5.0 (Windows NT 10.0; Win64; x64) AppleWebKit/537.36 (KHTML, like Gecko) Chrome/99.0.4844.74 Safari/537.36"
[2022-03-23T19:14:52.469] [ERROR] http - ::1 - - "GET /vendors/is/is.min.js HTTP/1.1" 404 159 "http://localhost:9003/" "Mozilla/5.0 (Windows NT 10.0; Win64; x64) AppleWebKit/537.36 (KHTML, like Gecko) Chrome/99.0.4844.74 Safari/537.36"
[2022-03-23T19:14:52.481] [ERROR] http - ::1 - - "GET /vendors/fontawesome/all.min.js HTTP/1.1" 404 169 "http://localhost:9003/" "Mozilla/5.0 (Windows NT 10.0; Win64; x64) AppleWebKit/537.36 (KHTML, like Gecko) Chrome/99.0.4844.74 Safari/537.36"
[2022-03-23T19:15:28.658] [WARN] http - ::1 - - "GET /signin HTTP/1.1" 304 - "http://localhost:9003/" "Mozilla/5.0 (Windows NT 10.0; Win64; x64) AppleWebKit/537.36 (KHTML, like Gecko) Chrome/99.0.4844.74 Safari/537.36"
[2022-03-23T19:15:33.848] [INFO] http - ::1 - - "POST /login HTTP/1.1" 200 471 "http://localhost:9003/signin" "Mozilla/5.0 (Windows NT 10.0; Win64; x64) AppleWebKit/537.36 (KHTML, like Gecko) Chrome/99.0.4844.74 Safari/537.36"
[2022-03-23T19:15:33.875] [WARN] http - ::1 - - "GET /main HTTP/1.1" 304 - "http://localhost:9003/signin" "Mozilla/5.0 (Windows NT 10.0; Win64; x64) AppleWebKit/537.36 (KHTML, like Gecko) Chrome/99.0.4844.74 Safari/537.36"
[2022-03-23T19:15:34.104] [ERROR] http - ::1 - - "GET /assets/transaction/getallurl.js HTTP/1.1" 404 170 "http://localhost:9003/main" "Mozilla/5.0 (Windows NT 10.0; Win64; x64) AppleWebKit/537.36 (KHTML, like Gecko) Chrome/99.0.4844.74 Safari/537.36"
[2022-03-23T19:15:34.106] [ERROR] http - ::1 - - "GET /assets/transaction/numbercomma.js HTTP/1.1" 404 172 "http://localhost:9003/main" "Mozilla/5.0 (Windows NT 10.0; Win64; x64) AppleWebKit/537.36 (KHTML, like Gecko) Chrome/99.0.4844.74 Safari/537.36"
[2022-03-23T19:15:34.107] [ERROR] http - ::1 - - "GET /assets/transaction/dateformat.js HTTP/1.1" 404 171 "http://localhost:9003/main" "Mozilla/5.0 (Windows NT 10.0; Win64; x64) AppleWebKit/537.36 (KHTML, like Gecko) Chrome/99.0.4844.74 Safari/537.36"
[2022-03-23T19:15:34.118] [ERROR] http - ::1 - - "GET /assets/transaction/multiselectActions.js HTTP/1.1" 404 179 "http://localhost:9003/main" "Mozilla/5.0 (Windows NT 10.0; Win64; x64) AppleWebKit/537.36 (KHTML, like Gecko) Chrome/99.0.4844.74 Safari/537.36"
[2022-03-23T19:15:34.159] [ERROR] http - ::1 - - "GET /assets/javascript/formDesign.js HTTP/1.1" 404 170 "http://localhost:9003/main" "Mozilla/5.0 (Windows NT 10.0; Win64; x64) AppleWebKit/537.36 (KHTML, like Gecko) Chrome/99.0.4844.74 Safari/537.36"
[2022-03-23T19:15:34.172] [ERROR] http - ::1 - - "GET /assets/javascript/csv_download.js HTTP/1.1" 404 172 "http://localhost:9003/main" "Mozilla/5.0 (Windows NT 10.0; Win64; x64) AppleWebKit/537.36 (KHTML, like Gecko) Chrome/99.0.4844.74 Safari/537.36"
[2022-03-23T19:15:34.191] [ERROR] http - ::1 - - "GET /assets/javascript/fiscalyear.js HTTP/1.1" 404 170 "http://localhost:9003/main" "Mozilla/5.0 (Windows NT 10.0; Win64; x64) AppleWebKit/537.36 (KHTML, like Gecko) Chrome/99.0.4844.74 Safari/537.36"
[2022-03-23T19:15:34.242] [ERROR] http - ::1 - - "GET /assets/javascript/validationErr.js HTTP/1.1" 404 173 "http://localhost:9003/main" "Mozilla/5.0 (Windows NT 10.0; Win64; x64) AppleWebKit/537.36 (KHTML, like Gecko) Chrome/99.0.4844.74 Safari/537.36"
[2022-03-23T19:15:34.266] [ERROR] http - ::1 - - "GET /assets/img/avatars/3.jpg HTTP/1.1" 404 163 "http://localhost:9003/main" "Mozilla/5.0 (Windows NT 10.0; Win64; x64) AppleWebKit/537.36 (KHTML, like Gecko) Chrome/99.0.4844.74 Safari/537.36"
[2022-03-23T19:15:34.269] [ERROR] http - ::1 - - "GET /assets/img/avatars/6.jpg HTTP/1.1" 404 163 "http://localhost:9003/main" "Mozilla/5.0 (Windows NT 10.0; Win64; x64) AppleWebKit/537.36 (KHTML, like Gecko) Chrome/99.0.4844.74 Safari/537.36"
[2022-03-23T19:15:34.271] [ERROR] http - ::1 - - "GET /assets/img/avatars/4.jpg HTTP/1.1" 404 163 "http://localhost:9003/main" "Mozilla/5.0 (Windows NT 10.0; Win64; x64) AppleWebKit/537.36 (KHTML, like Gecko) Chrome/99.0.4844.74 Safari/537.36"
[2022-03-23T19:15:34.273] [ERROR] http - ::1 - - "GET /assets/img/avatars/2.jpg HTTP/1.1" 404 163 "http://localhost:9003/main" "Mozilla/5.0 (Windows NT 10.0; Win64; x64) AppleWebKit/537.36 (KHTML, like Gecko) Chrome/99.0.4844.74 Safari/537.36"
[2022-03-23T19:15:34.286] [ERROR] http - ::1 - - "GET /assets/img/avatars/5.jpg HTTP/1.1" 404 163 "http://localhost:9003/main" "Mozilla/5.0 (Windows NT 10.0; Win64; x64) AppleWebKit/537.36 (KHTML, like Gecko) Chrome/99.0.4844.74 Safari/537.36"
[2022-03-23T19:15:38.386] [WARN] http - ::1 - - "GET /logout HTTP/1.1" 302 54 "http://localhost:9003/main" "Mozilla/5.0 (Windows NT 10.0; Win64; x64) AppleWebKit/537.36 (KHTML, like Gecko) Chrome/99.0.4844.74 Safari/537.36"
[2022-03-23T19:15:38.395] [WARN] http - ::1 - - "GET /login HTTP/1.1" 302 46 "http://localhost:9003/main" "Mozilla/5.0 (Windows NT 10.0; Win64; x64) AppleWebKit/537.36 (KHTML, like Gecko) Chrome/99.0.4844.74 Safari/537.36"
[2022-03-23T19:15:38.437] [ERROR] http - ::1 - - "GET /vendors/@popperjs/popper.min.js HTTP/1.1" 404 170 "http://localhost:9003/" "Mozilla/5.0 (Windows NT 10.0; Win64; x64) AppleWebKit/537.36 (KHTML, like Gecko) Chrome/99.0.4844.74 Safari/537.36"
[2022-03-23T19:15:38.472] [ERROR] http - ::1 - - "GET /vendors/bootstrap/bootstrap.min.js HTTP/1.1" 404 173 "http://localhost:9003/" "Mozilla/5.0 (Windows NT 10.0; Win64; x64) AppleWebKit/537.36 (KHTML, like Gecko) Chrome/99.0.4844.74 Safari/537.36"
[2022-03-23T19:15:38.488] [ERROR] http - ::1 - - "GET /vendors/is/is.min.js HTTP/1.1" 404 159 "http://localhost:9003/" "Mozilla/5.0 (Windows NT 10.0; Win64; x64) AppleWebKit/537.36 (KHTML, like Gecko) Chrome/99.0.4844.74 Safari/537.36"
[2022-03-23T19:15:38.499] [ERROR] http - ::1 - - "GET /vendors/fontawesome/all.min.js HTTP/1.1" 404 169 "http://localhost:9003/" "Mozilla/5.0 (Windows NT 10.0; Win64; x64) AppleWebKit/537.36 (KHTML, like Gecko) Chrome/99.0.4844.74 Safari/537.36"
[2022-03-23T19:18:57.040] [ERROR] http - ::1 - - "GET /vendor/@popperjs/popper.min.js.map HTTP/1.1" 404 173 "" "Mozilla/5.0 (Windows NT 10.0; Win64; x64) AppleWebKit/537.36 (KHTML, like Gecko) Chrome/99.0.4844.74 Safari/537.36"
[2022-03-23T19:19:35.564] [WARN] http - ::1 - - "GET /signin HTTP/1.1" 304 - "http://localhost:9003/" "Mozilla/5.0 (Windows NT 10.0; Win64; x64) AppleWebKit/537.36 (KHTML, like Gecko) Chrome/99.0.4844.74 Safari/537.36"
[2022-03-23T19:22:39.560] [WARN] http - ::1 - - "GET /signin HTTP/1.1" 304 - "http://localhost:9003/" "Mozilla/5.0 (Windows NT 10.0; Win64; x64) AppleWebKit/537.36 (KHTML, like Gecko) Chrome/99.0.4844.74 Safari/537.36"
[2022-03-23T19:22:52.087] [ERROR] http - ::1 - - "GET /vendor/@popperjs/popper.min.js.map HTTP/1.1" 404 173 "" "Mozilla/5.0 (Windows NT 10.0; Win64; x64) AppleWebKit/537.36 (KHTML, like Gecko) Chrome/99.0.4844.74 Safari/537.36"
[2022-03-23T19:23:07.942] [WARN] http - ::1 - - "GET /signin HTTP/1.1" 304 - "http://localhost:9003/" "Mozilla/5.0 (Windows NT 10.0; Win64; x64) AppleWebKit/537.36 (KHTML, like Gecko) Chrome/99.0.4844.74 Safari/537.36"
[2022-03-23T19:25:48.880] [INFO] http - ::1 - - "GET /signin HTTP/1.1" 200 16028 "http://localhost:9003/" "Mozilla/5.0 (Windows NT 10.0; Win64; x64) AppleWebKit/537.36 (KHTML, like Gecko) Chrome/99.0.4844.74 Safari/537.36"
[2022-03-23T19:26:27.236] [INFO] http - ::1 - - "GET /signin HTTP/1.1" 200 16036 "http://localhost:9003/" "Mozilla/5.0 (Windows NT 10.0; Win64; x64) AppleWebKit/537.36 (KHTML, like Gecko) Chrome/99.0.4844.74 Safari/537.36"
[2022-03-23T19:26:30.151] [WARN] http - ::1 - - "GET /signin HTTP/1.1" 304 - "http://localhost:9003/" "Mozilla/5.0 (Windows NT 10.0; Win64; x64) AppleWebKit/537.36 (KHTML, like Gecko) Chrome/99.0.4844.74 Safari/537.36"
[2022-03-23T19:27:30.807] [INFO] http - ::1 - - "GET /signin HTTP/1.1" 200 16007 "http://localhost:9003/" "Mozilla/5.0 (Windows NT 10.0; Win64; x64) AppleWebKit/537.36 (KHTML, like Gecko) Chrome/99.0.4844.74 Safari/537.36"
[2022-03-23T19:28:40.991] [INFO] http - ::1 - - "GET /signin HTTP/1.1" 200 16007 "http://localhost:9003/" "Mozilla/5.0 (Windows NT 10.0; Win64; x64) AppleWebKit/537.36 (KHTML, like Gecko) Chrome/99.0.4844.74 Safari/537.36"
[2022-03-23T19:30:06.423] [INFO] http - ::1 - - "GET /signin HTTP/1.1" 200 16057 "http://localhost:9003/" "Mozilla/5.0 (Windows NT 10.0; Win64; x64) AppleWebKit/537.36 (KHTML, like Gecko) Chrome/99.0.4844.74 Safari/537.36"
[2022-03-23T19:31:31.152] [WARN] http - ::1 - - "GET /signin HTTP/1.1" 304 - "http://localhost:9003/" "Mozilla/5.0 (Windows NT 10.0; Win64; x64) AppleWebKit/537.36 (KHTML, like Gecko) Chrome/99.0.4844.74 Safari/537.36"
[2022-03-23T19:35:45.819] [ERROR] http - ::1 - - "GET /vendor/@popperjs/popper.min.js.map HTTP/1.1" 404 173 "" "Mozilla/5.0 (Windows NT 10.0; Win64; x64) AppleWebKit/537.36 (KHTML, like Gecko) Chrome/99.0.4844.74 Safari/537.36"
[2022-03-23T19:35:56.994] [WARN] http - ::1 - - "GET /signin HTTP/1.1" 304 - "http://localhost:9003/" "Mozilla/5.0 (Windows NT 10.0; Win64; x64) AppleWebKit/537.36 (KHTML, like Gecko) Chrome/99.0.4844.74 Safari/537.36"
[2022-03-23T19:36:57.039] [INFO] http - ::1 - - "GET /signin HTTP/1.1" 200 16039 "http://localhost:9003/" "Mozilla/5.0 (Windows NT 10.0; Win64; x64) AppleWebKit/537.36 (KHTML, like Gecko) Chrome/99.0.4844.74 Safari/537.36"
[2022-03-23T19:37:17.668] [ERROR] http - ::1 - - "GET /vendor/@popperjs/popper.min.js.map HTTP/1.1" 404 173 "" "Mozilla/5.0 (Windows NT 10.0; Win64; x64) AppleWebKit/537.36 (KHTML, like Gecko) Chrome/99.0.4844.74 Safari/537.36"
[2022-03-23T19:37:56.187] [ERROR] http - ::1 - - "GET /vendor/@popperjs/popper.min.js.map HTTP/1.1" 404 173 "" "Mozilla/5.0 (Windows NT 10.0; Win64; x64) AppleWebKit/537.36 (KHTML, like Gecko) Chrome/99.0.4844.74 Safari/537.36"
[2022-03-23T19:38:17.997] [WARN] http - ::1 - - "GET /signin HTTP/1.1" 304 - "http://localhost:9003/" "Mozilla/5.0 (Windows NT 10.0; Win64; x64) AppleWebKit/537.36 (KHTML, like Gecko) Chrome/99.0.4844.74 Safari/537.36"
[2022-03-23T19:39:49.917] [INFO] http - ::1 - - "GET /signin HTTP/1.1" 200 16089 "http://localhost:9003/" "Mozilla/5.0 (Windows NT 10.0; Win64; x64) AppleWebKit/537.36 (KHTML, like Gecko) Chrome/99.0.4844.74 Safari/537.36"
[2022-03-23T19:47:27.032] [WARN] http - ::1 - - "GET /signin HTTP/1.1" 304 - "http://localhost:9003/" "Mozilla/5.0 (Windows NT 10.0; Win64; x64) AppleWebKit/537.36 (KHTML, like Gecko) Chrome/99.0.4844.74 Safari/537.36"
[2022-03-23T19:48:01.653] [INFO] http - ::1 - - "POST /login HTTP/1.1" 200 471 "http://localhost:9003/signin" "Mozilla/5.0 (Windows NT 10.0; Win64; x64) AppleWebKit/537.36 (KHTML, like Gecko) Chrome/99.0.4844.74 Safari/537.36"
[2022-03-23T19:48:01.678] [WARN] http - ::1 - - "GET /main HTTP/1.1" 304 - "http://localhost:9003/signin" "Mozilla/5.0 (Windows NT 10.0; Win64; x64) AppleWebKit/537.36 (KHTML, like Gecko) Chrome/99.0.4844.74 Safari/537.36"
[2022-03-23T19:48:01.889] [ERROR] http - ::1 - - "GET /assets/transaction/getallurl.js HTTP/1.1" 404 170 "http://localhost:9003/main" "Mozilla/5.0 (Windows NT 10.0; Win64; x64) AppleWebKit/537.36 (KHTML, like Gecko) Chrome/99.0.4844.74 Safari/537.36"
[2022-03-23T19:48:01.891] [ERROR] http - ::1 - - "GET /assets/transaction/numbercomma.js HTTP/1.1" 404 172 "http://localhost:9003/main" "Mozilla/5.0 (Windows NT 10.0; Win64; x64) AppleWebKit/537.36 (KHTML, like Gecko) Chrome/99.0.4844.74 Safari/537.36"
[2022-03-23T19:48:01.900] [ERROR] http - ::1 - - "GET /assets/transaction/dateformat.js HTTP/1.1" 404 171 "http://localhost:9003/main" "Mozilla/5.0 (Windows NT 10.0; Win64; x64) AppleWebKit/537.36 (KHTML, like Gecko) Chrome/99.0.4844.74 Safari/537.36"
[2022-03-23T19:48:01.907] [ERROR] http - ::1 - - "GET /assets/transaction/multiselectActions.js HTTP/1.1" 404 179 "http://localhost:9003/main" "Mozilla/5.0 (Windows NT 10.0; Win64; x64) AppleWebKit/537.36 (KHTML, like Gecko) Chrome/99.0.4844.74 Safari/537.36"
[2022-03-23T19:48:01.912] [ERROR] http - ::1 - - "GET /assets/javascript/formDesign.js HTTP/1.1" 404 170 "http://localhost:9003/main" "Mozilla/5.0 (Windows NT 10.0; Win64; x64) AppleWebKit/537.36 (KHTML, like Gecko) Chrome/99.0.4844.74 Safari/537.36"
[2022-03-23T19:48:01.960] [ERROR] http - ::1 - - "GET /assets/javascript/csv_download.js HTTP/1.1" 404 172 "http://localhost:9003/main" "Mozilla/5.0 (Windows NT 10.0; Win64; x64) AppleWebKit/537.36 (KHTML, like Gecko) Chrome/99.0.4844.74 Safari/537.36"
[2022-03-23T19:48:01.963] [ERROR] http - ::1 - - "GET /assets/javascript/fiscalyear.js HTTP/1.1" 404 170 "http://localhost:9003/main" "Mozilla/5.0 (Windows NT 10.0; Win64; x64) AppleWebKit/537.36 (KHTML, like Gecko) Chrome/99.0.4844.74 Safari/537.36"
[2022-03-23T19:48:02.000] [ERROR] http - ::1 - - "GET /assets/javascript/validationErr.js HTTP/1.1" 404 173 "http://localhost:9003/main" "Mozilla/5.0 (Windows NT 10.0; Win64; x64) AppleWebKit/537.36 (KHTML, like Gecko) Chrome/99.0.4844.74 Safari/537.36"
[2022-03-23T19:48:02.017] [ERROR] http - ::1 - - "GET /assets/img/avatars/3.jpg HTTP/1.1" 404 163 "http://localhost:9003/main" "Mozilla/5.0 (Windows NT 10.0; Win64; x64) AppleWebKit/537.36 (KHTML, like Gecko) Chrome/99.0.4844.74 Safari/537.36"
[2022-03-23T19:48:02.022] [ERROR] http - ::1 - - "GET /assets/img/avatars/6.jpg HTTP/1.1" 404 163 "http://localhost:9003/main" "Mozilla/5.0 (Windows NT 10.0; Win64; x64) AppleWebKit/537.36 (KHTML, like Gecko) Chrome/99.0.4844.74 Safari/537.36"
[2022-03-23T19:48:02.046] [ERROR] http - ::1 - - "GET /assets/img/avatars/4.jpg HTTP/1.1" 404 163 "http://localhost:9003/main" "Mozilla/5.0 (Windows NT 10.0; Win64; x64) AppleWebKit/537.36 (KHTML, like Gecko) Chrome/99.0.4844.74 Safari/537.36"
[2022-03-23T19:48:02.049] [ERROR] http - ::1 - - "GET /assets/img/avatars/2.jpg HTTP/1.1" 404 163 "http://localhost:9003/main" "Mozilla/5.0 (Windows NT 10.0; Win64; x64) AppleWebKit/537.36 (KHTML, like Gecko) Chrome/99.0.4844.74 Safari/537.36"
[2022-03-23T19:48:02.053] [ERROR] http - ::1 - - "GET /assets/img/avatars/5.jpg HTTP/1.1" 404 163 "http://localhost:9003/main" "Mozilla/5.0 (Windows NT 10.0; Win64; x64) AppleWebKit/537.36 (KHTML, like Gecko) Chrome/99.0.4844.74 Safari/537.36"
[2022-03-23T19:48:37.973] [ERROR] http - ::1 - - "GET /views/pages_profile.html HTTP/1.1" 404 163 "http://localhost:9003/main" "Mozilla/5.0 (Windows NT 10.0; Win64; x64) AppleWebKit/537.36 (KHTML, like Gecko) Chrome/99.0.4844.74 Safari/537.36"
[2022-03-23T19:49:22.419] [WARN] http - ::1 - - "GET /logout HTTP/1.1" 302 54 "http://localhost:9003/main" "Mozilla/5.0 (Windows NT 10.0; Win64; x64) AppleWebKit/537.36 (KHTML, like Gecko) Chrome/99.0.4844.74 Safari/537.36"
[2022-03-23T19:49:22.429] [WARN] http - ::1 - - "GET /login HTTP/1.1" 302 46 "http://localhost:9003/main" "Mozilla/5.0 (Windows NT 10.0; Win64; x64) AppleWebKit/537.36 (KHTML, like Gecko) Chrome/99.0.4844.74 Safari/537.36"
[2022-03-23T19:49:59.064] [WARN] http - ::1 - - "GET /signin HTTP/1.1" 304 - "http://localhost:9003/" "Mozilla/5.0 (Windows NT 10.0; Win64; x64) AppleWebKit/537.36 (KHTML, like Gecko) Chrome/99.0.4844.74 Safari/537.36"
[2022-03-23T19:50:09.016] [INFO] http - ::1 - - "POST /login HTTP/1.1" 200 471 "http://localhost:9003/signin" "Mozilla/5.0 (Windows NT 10.0; Win64; x64) AppleWebKit/537.36 (KHTML, like Gecko) Chrome/99.0.4844.74 Safari/537.36"
[2022-03-23T19:50:09.048] [INFO] http - ::1 - - "GET /main HTTP/1.1" 200 34203 "http://localhost:9003/signin" "Mozilla/5.0 (Windows NT 10.0; Win64; x64) AppleWebKit/537.36 (KHTML, like Gecko) Chrome/99.0.4844.74 Safari/537.36"
[2022-03-23T19:50:09.283] [ERROR] http - ::1 - - "GET /assets/transaction/getallurl.js HTTP/1.1" 404 170 "http://localhost:9003/main" "Mozilla/5.0 (Windows NT 10.0; Win64; x64) AppleWebKit/537.36 (KHTML, like Gecko) Chrome/99.0.4844.74 Safari/537.36"
[2022-03-23T19:50:09.287] [ERROR] http - ::1 - - "GET /assets/transaction/numbercomma.js HTTP/1.1" 404 172 "http://localhost:9003/main" "Mozilla/5.0 (Windows NT 10.0; Win64; x64) AppleWebKit/537.36 (KHTML, like Gecko) Chrome/99.0.4844.74 Safari/537.36"
[2022-03-23T19:50:09.291] [ERROR] http - ::1 - - "GET /assets/transaction/dateformat.js HTTP/1.1" 404 171 "http://localhost:9003/main" "Mozilla/5.0 (Windows NT 10.0; Win64; x64) AppleWebKit/537.36 (KHTML, like Gecko) Chrome/99.0.4844.74 Safari/537.36"
[2022-03-23T19:50:09.343] [ERROR] http - ::1 - - "GET /assets/transaction/multiselectActions.js HTTP/1.1" 404 179 "http://localhost:9003/main" "Mozilla/5.0 (Windows NT 10.0; Win64; x64) AppleWebKit/537.36 (KHTML, like Gecko) Chrome/99.0.4844.74 Safari/537.36"
[2022-03-23T19:50:09.359] [ERROR] http - ::1 - - "GET /assets/javascript/formDesign.js HTTP/1.1" 404 170 "http://localhost:9003/main" "Mozilla/5.0 (Windows NT 10.0; Win64; x64) AppleWebKit/537.36 (KHTML, like Gecko) Chrome/99.0.4844.74 Safari/537.36"
[2022-03-23T19:50:09.361] [ERROR] http - ::1 - - "GET /assets/javascript/csv_download.js HTTP/1.1" 404 172 "http://localhost:9003/main" "Mozilla/5.0 (Windows NT 10.0; Win64; x64) AppleWebKit/537.36 (KHTML, like Gecko) Chrome/99.0.4844.74 Safari/537.36"
[2022-03-23T19:50:09.380] [ERROR] http - ::1 - - "GET /assets/javascript/fiscalyear.js HTTP/1.1" 404 170 "http://localhost:9003/main" "Mozilla/5.0 (Windows NT 10.0; Win64; x64) AppleWebKit/537.36 (KHTML, like Gecko) Chrome/99.0.4844.74 Safari/537.36"
[2022-03-23T19:50:09.425] [ERROR] http - ::1 - - "GET /assets/javascript/validationErr.js HTTP/1.1" 404 173 "http://localhost:9003/main" "Mozilla/5.0 (Windows NT 10.0; Win64; x64) AppleWebKit/537.36 (KHTML, like Gecko) Chrome/99.0.4844.74 Safari/537.36"
[2022-03-23T19:50:09.427] [ERROR] http - ::1 - - "GET /assets/img/avatars/3.jpg HTTP/1.1" 404 163 "http://localhost:9003/main" "Mozilla/5.0 (Windows NT 10.0; Win64; x64) AppleWebKit/537.36 (KHTML, like Gecko) Chrome/99.0.4844.74 Safari/537.36"
[2022-03-23T19:50:09.439] [ERROR] http - ::1 - - "GET /assets/img/avatars/6.jpg HTTP/1.1" 404 163 "http://localhost:9003/main" "Mozilla/5.0 (Windows NT 10.0; Win64; x64) AppleWebKit/537.36 (KHTML, like Gecko) Chrome/99.0.4844.74 Safari/537.36"
[2022-03-23T19:50:09.441] [ERROR] http - ::1 - - "GET /assets/img/avatars/4.jpg HTTP/1.1" 404 163 "http://localhost:9003/main" "Mozilla/5.0 (Windows NT 10.0; Win64; x64) AppleWebKit/537.36 (KHTML, like Gecko) Chrome/99.0.4844.74 Safari/537.36"
[2022-03-23T19:50:09.453] [ERROR] http - ::1 - - "GET /assets/img/avatars/2.jpg HTTP/1.1" 404 163 "http://localhost:9003/main" "Mozilla/5.0 (Windows NT 10.0; Win64; x64) AppleWebKit/537.36 (KHTML, like Gecko) Chrome/99.0.4844.74 Safari/537.36"
[2022-03-23T19:50:09.454] [ERROR] http - ::1 - - "GET /assets/img/avatars/5.jpg HTTP/1.1" 404 163 "http://localhost:9003/main" "Mozilla/5.0 (Windows NT 10.0; Win64; x64) AppleWebKit/537.36 (KHTML, like Gecko) Chrome/99.0.4844.74 Safari/537.36"
[2022-03-23T19:50:17.201] [INFO] http - ::1 - - "POST /evim/getcount HTTP/1.1" 200 152 "http://localhost:9003/main" "Mozilla/5.0 (Windows NT 10.0; Win64; x64) AppleWebKit/537.36 (KHTML, like Gecko) Chrome/99.0.4844.74 Safari/537.36"
[2022-03-23T19:51:03.409] [INFO] http - ::1 - - "POST /evim/getvisitorData HTTP/1.1" 200 1097 "http://localhost:9003/main" "Mozilla/5.0 (Windows NT 10.0; Win64; x64) AppleWebKit/537.36 (KHTML, like Gecko) Chrome/99.0.4844.74 Safari/537.36"
[2022-03-23T19:52:44.227] [WARN] http - ::1 - - "GET /logout HTTP/1.1" 302 54 "http://localhost:9003/main" "Mozilla/5.0 (Windows NT 10.0; Win64; x64) AppleWebKit/537.36 (KHTML, like Gecko) Chrome/99.0.4844.74 Safari/537.36"
[2022-03-23T19:52:44.236] [WARN] http - ::1 - - "GET /login HTTP/1.1" 302 46 "http://localhost:9003/main" "Mozilla/5.0 (Windows NT 10.0; Win64; x64) AppleWebKit/537.36 (KHTML, like Gecko) Chrome/99.0.4844.74 Safari/537.36"
[2022-03-23T19:52:47.021] [WARN] http - ::1 - - "GET /signin HTTP/1.1" 304 - "http://localhost:9003/" "Mozilla/5.0 (Windows NT 10.0; Win64; x64) AppleWebKit/537.36 (KHTML, like Gecko) Chrome/99.0.4844.74 Safari/537.36"
[2022-03-23T23:14:48.457] [WARN] http - ::1 - - "GET /signin HTTP/1.1" 304 - "http://localhost:9003/" "Mozilla/5.0 (Windows NT 10.0; Win64; x64) AppleWebKit/537.36 (KHTML, like Gecko) Chrome/99.0.4844.74 Safari/537.36"
[2022-03-23T23:15:01.175] [INFO] http - ::1 - - "POST /login HTTP/1.1" 200 471 "http://localhost:9003/signin" "Mozilla/5.0 (Windows NT 10.0; Win64; x64) AppleWebKit/537.36 (KHTML, like Gecko) Chrome/99.0.4844.74 Safari/537.36"
[2022-03-23T23:15:01.321] [WARN] http - ::1 - - "GET /main HTTP/1.1" 304 - "http://localhost:9003/signin" "Mozilla/5.0 (Windows NT 10.0; Win64; x64) AppleWebKit/537.36 (KHTML, like Gecko) Chrome/99.0.4844.74 Safari/537.36"
[2022-03-23T23:15:01.447] [ERROR] http - ::1 - - "GET /assets/transaction/getallurl.js HTTP/1.1" 404 170 "http://localhost:9003/main" "Mozilla/5.0 (Windows NT 10.0; Win64; x64) AppleWebKit/537.36 (KHTML, like Gecko) Chrome/99.0.4844.74 Safari/537.36"
[2022-03-23T23:15:01.457] [ERROR] http - ::1 - - "GET /assets/transaction/numbercomma.js HTTP/1.1" 404 172 "http://localhost:9003/main" "Mozilla/5.0 (Windows NT 10.0; Win64; x64) AppleWebKit/537.36 (KHTML, like Gecko) Chrome/99.0.4844.74 Safari/537.36"
[2022-03-23T23:15:01.463] [ERROR] http - ::1 - - "GET /assets/transaction/dateformat.js HTTP/1.1" 404 171 "http://localhost:9003/main" "Mozilla/5.0 (Windows NT 10.0; Win64; x64) AppleWebKit/537.36 (KHTML, like Gecko) Chrome/99.0.4844.74 Safari/537.36"
[2022-03-23T23:15:01.572] [ERROR] http - ::1 - - "GET /assets/transaction/multiselectActions.js HTTP/1.1" 404 179 "http://localhost:9003/main" "Mozilla/5.0 (Windows NT 10.0; Win64; x64) AppleWebKit/537.36 (KHTML, like Gecko) Chrome/99.0.4844.74 Safari/537.36"
[2022-03-23T23:15:01.574] [ERROR] http - ::1 - - "GET /assets/javascript/formDesign.js HTTP/1.1" 404 170 "http://localhost:9003/main" "Mozilla/5.0 (Windows NT 10.0; Win64; x64) AppleWebKit/537.36 (KHTML, like Gecko) Chrome/99.0.4844.74 Safari/537.36"
[2022-03-23T23:15:01.577] [ERROR] http - ::1 - - "GET /assets/javascript/csv_download.js HTTP/1.1" 404 172 "http://localhost:9003/main" "Mozilla/5.0 (Windows NT 10.0; Win64; x64) AppleWebKit/537.36 (KHTML, like Gecko) Chrome/99.0.4844.74 Safari/537.36"
[2022-03-23T23:15:01.578] [ERROR] http - ::1 - - "GET /assets/javascript/fiscalyear.js HTTP/1.1" 404 170 "http://localhost:9003/main" "Mozilla/5.0 (Windows NT 10.0; Win64; x64) AppleWebKit/537.36 (KHTML, like Gecko) Chrome/99.0.4844.74 Safari/537.36"
[2022-03-23T23:15:01.595] [ERROR] http - ::1 - - "GET /assets/img/avatars/3.jpg HTTP/1.1" 404 163 "http://localhost:9003/main" "Mozilla/5.0 (Windows NT 10.0; Win64; x64) AppleWebKit/537.36 (KHTML, like Gecko) Chrome/99.0.4844.74 Safari/537.36"
[2022-03-23T23:15:01.705] [ERROR] http - ::1 - - "GET /assets/javascript/validationErr.js HTTP/1.1" 404 173 "http://localhost:9003/main" "Mozilla/5.0 (Windows NT 10.0; Win64; x64) AppleWebKit/537.36 (KHTML, like Gecko) Chrome/99.0.4844.74 Safari/537.36"
[2022-03-23T23:15:01.706] [ERROR] http - ::1 - - "GET /assets/img/avatars/6.jpg HTTP/1.1" 404 163 "http://localhost:9003/main" "Mozilla/5.0 (Windows NT 10.0; Win64; x64) AppleWebKit/537.36 (KHTML, like Gecko) Chrome/99.0.4844.74 Safari/537.36"
[2022-03-23T23:15:01.707] [ERROR] http - ::1 - - "GET /assets/img/avatars/4.jpg HTTP/1.1" 404 163 "http://localhost:9003/main" "Mozilla/5.0 (Windows NT 10.0; Win64; x64) AppleWebKit/537.36 (KHTML, like Gecko) Chrome/99.0.4844.74 Safari/537.36"
[2022-03-23T23:15:01.711] [ERROR] http - ::1 - - "GET /assets/img/avatars/2.jpg HTTP/1.1" 404 163 "http://localhost:9003/main" "Mozilla/5.0 (Windows NT 10.0; Win64; x64) AppleWebKit/537.36 (KHTML, like Gecko) Chrome/99.0.4844.74 Safari/537.36"
[2022-03-23T23:15:01.943] [ERROR] http - ::1 - - "GET /assets/img/avatars/5.jpg HTTP/1.1" 404 163 "http://localhost:9003/main" "Mozilla/5.0 (Windows NT 10.0; Win64; x64) AppleWebKit/537.36 (KHTML, like Gecko) Chrome/99.0.4844.74 Safari/537.36"
[2022-03-23T23:15:29.964] [INFO] http - ::1 - - "POST /login HTTP/1.1" 200 471 "http://localhost:9003/signin" "Mozilla/5.0 (Windows NT 10.0; Win64; x64) AppleWebKit/537.36 (KHTML, like Gecko) Chrome/99.0.4844.74 Safari/537.36"
[2022-03-23T23:15:29.990] [WARN] http - ::1 - - "GET /main HTTP/1.1" 304 - "http://localhost:9003/signin" "Mozilla/5.0 (Windows NT 10.0; Win64; x64) AppleWebKit/537.36 (KHTML, like Gecko) Chrome/99.0.4844.74 Safari/537.36"
[2022-03-23T23:15:30.582] [ERROR] http - ::1 - - "GET /assets/transaction/getallurl.js HTTP/1.1" 404 170 "http://localhost:9003/main" "Mozilla/5.0 (Windows NT 10.0; Win64; x64) AppleWebKit/537.36 (KHTML, like Gecko) Chrome/99.0.4844.74 Safari/537.36"
[2022-03-23T23:15:30.587] [ERROR] http - ::1 - - "GET /assets/transaction/numbercomma.js HTTP/1.1" 404 172 "http://localhost:9003/main" "Mozilla/5.0 (Windows NT 10.0; Win64; x64) AppleWebKit/537.36 (KHTML, like Gecko) Chrome/99.0.4844.74 Safari/537.36"
[2022-03-23T23:15:30.595] [ERROR] http - ::1 - - "GET /assets/transaction/dateformat.js HTTP/1.1" 404 171 "http://localhost:9003/main" "Mozilla/5.0 (Windows NT 10.0; Win64; x64) AppleWebKit/537.36 (KHTML, like Gecko) Chrome/99.0.4844.74 Safari/537.36"
[2022-03-23T23:15:30.603] [ERROR] http - ::1 - - "GET /assets/transaction/multiselectActions.js HTTP/1.1" 404 179 "http://localhost:9003/main" "Mozilla/5.0 (Windows NT 10.0; Win64; x64) AppleWebKit/537.36 (KHTML, like Gecko) Chrome/99.0.4844.74 Safari/537.36"
[2022-03-23T23:15:30.616] [ERROR] http - ::1 - - "GET /assets/javascript/formDesign.js HTTP/1.1" 404 170 "http://localhost:9003/main" "Mozilla/5.0 (Windows NT 10.0; Win64; x64) AppleWebKit/537.36 (KHTML, like Gecko) Chrome/99.0.4844.74 Safari/537.36"
[2022-03-23T23:15:30.622] [ERROR] http - ::1 - - "GET /assets/javascript/csv_download.js HTTP/1.1" 404 172 "http://localhost:9003/main" "Mozilla/5.0 (Windows NT 10.0; Win64; x64) AppleWebKit/537.36 (KHTML, like Gecko) Chrome/99.0.4844.74 Safari/537.36"
[2022-03-23T23:15:30.626] [ERROR] http - ::1 - - "GET /assets/javascript/fiscalyear.js HTTP/1.1" 404 170 "http://localhost:9003/main" "Mozilla/5.0 (Windows NT 10.0; Win64; x64) AppleWebKit/537.36 (KHTML, like Gecko) Chrome/99.0.4844.74 Safari/537.36"
[2022-03-23T23:15:30.662] [ERROR] http - ::1 - - "GET /assets/javascript/validationErr.js HTTP/1.1" 404 173 "http://localhost:9003/main" "Mozilla/5.0 (Windows NT 10.0; Win64; x64) AppleWebKit/537.36 (KHTML, like Gecko) Chrome/99.0.4844.74 Safari/537.36"
[2022-03-23T23:15:30.667] [ERROR] http - ::1 - - "GET /assets/img/avatars/3.jpg HTTP/1.1" 404 163 "http://localhost:9003/main" "Mozilla/5.0 (Windows NT 10.0; Win64; x64) AppleWebKit/537.36 (KHTML, like Gecko) Chrome/99.0.4844.74 Safari/537.36"
[2022-03-23T23:15:30.686] [ERROR] http - ::1 - - "GET /assets/img/avatars/6.jpg HTTP/1.1" 404 163 "http://localhost:9003/main" "Mozilla/5.0 (Windows NT 10.0; Win64; x64) AppleWebKit/537.36 (KHTML, like Gecko) Chrome/99.0.4844.74 Safari/537.36"
[2022-03-23T23:15:30.691] [ERROR] http - ::1 - - "GET /assets/img/avatars/4.jpg HTTP/1.1" 404 163 "http://localhost:9003/main" "Mozilla/5.0 (Windows NT 10.0; Win64; x64) AppleWebKit/537.36 (KHTML, like Gecko) Chrome/99.0.4844.74 Safari/537.36"
[2022-03-23T23:15:30.694] [ERROR] http - ::1 - - "GET /assets/img/avatars/2.jpg HTTP/1.1" 404 163 "http://localhost:9003/main" "Mozilla/5.0 (Windows NT 10.0; Win64; x64) AppleWebKit/537.36 (KHTML, like Gecko) Chrome/99.0.4844.74 Safari/537.36"
[2022-03-23T23:15:30.699] [ERROR] http - ::1 - - "GET /assets/img/avatars/5.jpg HTTP/1.1" 404 163 "http://localhost:9003/main" "Mozilla/5.0 (Windows NT 10.0; Win64; x64) AppleWebKit/537.36 (KHTML, like Gecko) Chrome/99.0.4844.74 Safari/537.36"
[2022-03-23T23:16:55.095] [WARN] http - ::1 - - "GET /main HTTP/1.1" 304 - "http://localhost:9003/signin" "Mozilla/5.0 (Windows NT 10.0; Win64; x64) AppleWebKit/537.36 (KHTML, like Gecko) Chrome/99.0.4844.74 Safari/537.36"
[2022-03-23T23:16:55.189] [ERROR] http - ::1 - - "GET /assets/transaction/getallurl.js HTTP/1.1" 404 170 "http://localhost:9003/main" "Mozilla/5.0 (Windows NT 10.0; Win64; x64) AppleWebKit/537.36 (KHTML, like Gecko) Chrome/99.0.4844.74 Safari/537.36"
[2022-03-23T23:16:55.200] [ERROR] http - ::1 - - "GET /assets/transaction/numbercomma.js HTTP/1.1" 404 172 "http://localhost:9003/main" "Mozilla/5.0 (Windows NT 10.0; Win64; x64) AppleWebKit/537.36 (KHTML, like Gecko) Chrome/99.0.4844.74 Safari/537.36"
[2022-03-23T23:16:55.203] [ERROR] http - ::1 - - "GET /assets/transaction/dateformat.js HTTP/1.1" 404 171 "http://localhost:9003/main" "Mozilla/5.0 (Windows NT 10.0; Win64; x64) AppleWebKit/537.36 (KHTML, like Gecko) Chrome/99.0.4844.74 Safari/537.36"
[2022-03-23T23:16:55.206] [ERROR] http - ::1 - - "GET /assets/transaction/multiselectActions.js HTTP/1.1" 404 179 "http://localhost:9003/main" "Mozilla/5.0 (Windows NT 10.0; Win64; x64) AppleWebKit/537.36 (KHTML, like Gecko) Chrome/99.0.4844.74 Safari/537.36"
[2022-03-23T23:16:55.208] [ERROR] http - ::1 - - "GET /assets/javascript/formDesign.js HTTP/1.1" 404 170 "http://localhost:9003/main" "Mozilla/5.0 (Windows NT 10.0; Win64; x64) AppleWebKit/537.36 (KHTML, like Gecko) Chrome/99.0.4844.74 Safari/537.36"
[2022-03-23T23:16:55.215] [ERROR] http - ::1 - - "GET /assets/javascript/csv_download.js HTTP/1.1" 404 172 "http://localhost:9003/main" "Mozilla/5.0 (Windows NT 10.0; Win64; x64) AppleWebKit/537.36 (KHTML, like Gecko) Chrome/99.0.4844.74 Safari/537.36"
[2022-03-23T23:16:55.218] [ERROR] http - ::1 - - "GET /assets/javascript/fiscalyear.js HTTP/1.1" 404 170 "http://localhost:9003/main" "Mozilla/5.0 (Windows NT 10.0; Win64; x64) AppleWebKit/537.36 (KHTML, like Gecko) Chrome/99.0.4844.74 Safari/537.36"
[2022-03-23T23:16:55.232] [ERROR] http - ::1 - - "GET /assets/javascript/validationErr.js HTTP/1.1" 404 173 "http://localhost:9003/main" "Mozilla/5.0 (Windows NT 10.0; Win64; x64) AppleWebKit/537.36 (KHTML, like Gecko) Chrome/99.0.4844.74 Safari/537.36"
[2022-03-23T23:16:55.242] [ERROR] http - ::1 - - "GET /assets/img/avatars/3.jpg HTTP/1.1" 404 163 "http://localhost:9003/main" "Mozilla/5.0 (Windows NT 10.0; Win64; x64) AppleWebKit/537.36 (KHTML, like Gecko) Chrome/99.0.4844.74 Safari/537.36"
[2022-03-23T23:16:55.248] [ERROR] http - ::1 - - "GET /assets/img/avatars/6.jpg HTTP/1.1" 404 163 "http://localhost:9003/main" "Mozilla/5.0 (Windows NT 10.0; Win64; x64) AppleWebKit/537.36 (KHTML, like Gecko) Chrome/99.0.4844.74 Safari/537.36"
[2022-03-23T23:16:55.249] [ERROR] http - ::1 - - "GET /assets/img/avatars/4.jpg HTTP/1.1" 404 163 "http://localhost:9003/main" "Mozilla/5.0 (Windows NT 10.0; Win64; x64) AppleWebKit/537.36 (KHTML, like Gecko) Chrome/99.0.4844.74 Safari/537.36"
[2022-03-23T23:16:55.254] [ERROR] http - ::1 - - "GET /assets/img/avatars/2.jpg HTTP/1.1" 404 163 "http://localhost:9003/main" "Mozilla/5.0 (Windows NT 10.0; Win64; x64) AppleWebKit/537.36 (KHTML, like Gecko) Chrome/99.0.4844.74 Safari/537.36"
[2022-03-23T23:16:55.256] [ERROR] http - ::1 - - "GET /assets/img/avatars/5.jpg HTTP/1.1" 404 163 "http://localhost:9003/main" "Mozilla/5.0 (Windows NT 10.0; Win64; x64) AppleWebKit/537.36 (KHTML, like Gecko) Chrome/99.0.4844.74 Safari/537.36"
[2022-03-23T23:22:24.469] [WARN] http - ::1 - - "GET /main HTTP/1.1" 304 - "http://localhost:9003/signin" "Mozilla/5.0 (Windows NT 10.0; Win64; x64) AppleWebKit/537.36 (KHTML, like Gecko) Chrome/99.0.4844.74 Safari/537.36"
[2022-03-23T23:22:24.568] [ERROR] http - ::1 - - "GET /assets/transaction/getallurl.js HTTP/1.1" 404 170 "http://localhost:9003/main" "Mozilla/5.0 (Windows NT 10.0; Win64; x64) AppleWebKit/537.36 (KHTML, like Gecko) Chrome/99.0.4844.74 Safari/537.36"
[2022-03-23T23:22:24.573] [ERROR] http - ::1 - - "GET /assets/transaction/numbercomma.js HTTP/1.1" 404 172 "http://localhost:9003/main" "Mozilla/5.0 (Windows NT 10.0; Win64; x64) AppleWebKit/537.36 (KHTML, like Gecko) Chrome/99.0.4844.74 Safari/537.36"
[2022-03-23T23:22:24.575] [ERROR] http - ::1 - - "GET /assets/transaction/dateformat.js HTTP/1.1" 404 171 "http://localhost:9003/main" "Mozilla/5.0 (Windows NT 10.0; Win64; x64) AppleWebKit/537.36 (KHTML, like Gecko) Chrome/99.0.4844.74 Safari/537.36"
[2022-03-23T23:22:24.583] [ERROR] http - ::1 - - "GET /assets/transaction/multiselectActions.js HTTP/1.1" 404 179 "http://localhost:9003/main" "Mozilla/5.0 (Windows NT 10.0; Win64; x64) AppleWebKit/537.36 (KHTML, like Gecko) Chrome/99.0.4844.74 Safari/537.36"
[2022-03-23T23:22:24.587] [ERROR] http - ::1 - - "GET /assets/javascript/formDesign.js HTTP/1.1" 404 170 "http://localhost:9003/main" "Mozilla/5.0 (Windows NT 10.0; Win64; x64) AppleWebKit/537.36 (KHTML, like Gecko) Chrome/99.0.4844.74 Safari/537.36"
[2022-03-23T23:22:24.592] [ERROR] http - ::1 - - "GET /assets/javascript/csv_download.js HTTP/1.1" 404 172 "http://localhost:9003/main" "Mozilla/5.0 (Windows NT 10.0; Win64; x64) AppleWebKit/537.36 (KHTML, like Gecko) Chrome/99.0.4844.74 Safari/537.36"
[2022-03-23T23:22:24.594] [ERROR] http - ::1 - - "GET /assets/javascript/fiscalyear.js HTTP/1.1" 404 170 "http://localhost:9003/main" "Mozilla/5.0 (Windows NT 10.0; Win64; x64) AppleWebKit/537.36 (KHTML, like Gecko) Chrome/99.0.4844.74 Safari/537.36"
[2022-03-23T23:22:24.618] [ERROR] http - ::1 - - "GET /assets/javascript/validationErr.js HTTP/1.1" 404 173 "http://localhost:9003/main" "Mozilla/5.0 (Windows NT 10.0; Win64; x64) AppleWebKit/537.36 (KHTML, like Gecko) Chrome/99.0.4844.74 Safari/537.36"
[2022-03-23T23:22:24.642] [ERROR] http - ::1 - - "GET /assets/img/avatars/3.jpg HTTP/1.1" 404 163 "http://localhost:9003/main" "Mozilla/5.0 (Windows NT 10.0; Win64; x64) AppleWebKit/537.36 (KHTML, like Gecko) Chrome/99.0.4844.74 Safari/537.36"
[2022-03-23T23:22:24.643] [ERROR] http - ::1 - - "GET /assets/img/avatars/6.jpg HTTP/1.1" 404 163 "http://localhost:9003/main" "Mozilla/5.0 (Windows NT 10.0; Win64; x64) AppleWebKit/537.36 (KHTML, like Gecko) Chrome/99.0.4844.74 Safari/537.36"
[2022-03-23T23:22:24.644] [ERROR] http - ::1 - - "GET /assets/img/avatars/4.jpg HTTP/1.1" 404 163 "http://localhost:9003/main" "Mozilla/5.0 (Windows NT 10.0; Win64; x64) AppleWebKit/537.36 (KHTML, like Gecko) Chrome/99.0.4844.74 Safari/537.36"
[2022-03-23T23:22:24.646] [ERROR] http - ::1 - - "GET /assets/img/avatars/2.jpg HTTP/1.1" 404 163 "http://localhost:9003/main" "Mozilla/5.0 (Windows NT 10.0; Win64; x64) AppleWebKit/537.36 (KHTML, like Gecko) Chrome/99.0.4844.74 Safari/537.36"
[2022-03-23T23:22:24.647] [ERROR] http - ::1 - - "GET /assets/img/avatars/5.jpg HTTP/1.1" 404 163 "http://localhost:9003/main" "Mozilla/5.0 (Windows NT 10.0; Win64; x64) AppleWebKit/537.36 (KHTML, like Gecko) Chrome/99.0.4844.74 Safari/537.36"
[2022-03-23T23:23:29.858] [WARN] http - ::1 - - "GET /main HTTP/1.1" 304 - "http://localhost:9003/signin" "Mozilla/5.0 (Windows NT 10.0; Win64; x64) AppleWebKit/537.36 (KHTML, like Gecko) Chrome/99.0.4844.74 Safari/537.36"
[2022-03-23T23:23:29.974] [ERROR] http - ::1 - - "GET /assets/transaction/getallurl.js HTTP/1.1" 404 170 "http://localhost:9003/main" "Mozilla/5.0 (Windows NT 10.0; Win64; x64) AppleWebKit/537.36 (KHTML, like Gecko) Chrome/99.0.4844.74 Safari/537.36"
[2022-03-23T23:23:30.008] [ERROR] http - ::1 - - "GET /assets/transaction/numbercomma.js HTTP/1.1" 404 172 "http://localhost:9003/main" "Mozilla/5.0 (Windows NT 10.0; Win64; x64) AppleWebKit/537.36 (KHTML, like Gecko) Chrome/99.0.4844.74 Safari/537.36"
[2022-03-23T23:23:30.010] [ERROR] http - ::1 - - "GET /assets/transaction/dateformat.js HTTP/1.1" 404 171 "http://localhost:9003/main" "Mozilla/5.0 (Windows NT 10.0; Win64; x64) AppleWebKit/537.36 (KHTML, like Gecko) Chrome/99.0.4844.74 Safari/537.36"
[2022-03-23T23:23:30.020] [ERROR] http - ::1 - - "GET /assets/transaction/multiselectActions.js HTTP/1.1" 404 179 "http://localhost:9003/main" "Mozilla/5.0 (Windows NT 10.0; Win64; x64) AppleWebKit/537.36 (KHTML, like Gecko) Chrome/99.0.4844.74 Safari/537.36"
[2022-03-23T23:23:30.026] [ERROR] http - ::1 - - "GET /assets/javascript/formDesign.js HTTP/1.1" 404 170 "http://localhost:9003/main" "Mozilla/5.0 (Windows NT 10.0; Win64; x64) AppleWebKit/537.36 (KHTML, like Gecko) Chrome/99.0.4844.74 Safari/537.36"
[2022-03-23T23:23:30.034] [ERROR] http - ::1 - - "GET /assets/javascript/csv_download.js HTTP/1.1" 404 172 "http://localhost:9003/main" "Mozilla/5.0 (Windows NT 10.0; Win64; x64) AppleWebKit/537.36 (KHTML, like Gecko) Chrome/99.0.4844.74 Safari/537.36"
[2022-03-23T23:23:30.041] [ERROR] http - ::1 - - "GET /assets/javascript/fiscalyear.js HTTP/1.1" 404 170 "http://localhost:9003/main" "Mozilla/5.0 (Windows NT 10.0; Win64; x64) AppleWebKit/537.36 (KHTML, like Gecko) Chrome/99.0.4844.74 Safari/537.36"
[2022-03-23T23:23:30.048] [ERROR] http - ::1 - - "GET /assets/javascript/validationErr.js HTTP/1.1" 404 173 "http://localhost:9003/main" "Mozilla/5.0 (Windows NT 10.0; Win64; x64) AppleWebKit/537.36 (KHTML, like Gecko) Chrome/99.0.4844.74 Safari/537.36"
[2022-03-23T23:23:30.107] [ERROR] http - ::1 - - "GET /assets/img/avatars/4.jpg HTTP/1.1" 404 163 "http://localhost:9003/main" "Mozilla/5.0 (Windows NT 10.0; Win64; x64) AppleWebKit/537.36 (KHTML, like Gecko) Chrome/99.0.4844.74 Safari/537.36"
[2022-03-23T23:23:30.111] [ERROR] http - ::1 - - "GET /assets/img/avatars/2.jpg HTTP/1.1" 404 163 "http://localhost:9003/main" "Mozilla/5.0 (Windows NT 10.0; Win64; x64) AppleWebKit/537.36 (KHTML, like Gecko) Chrome/99.0.4844.74 Safari/537.36"
[2022-03-23T23:23:30.116] [ERROR] http - ::1 - - "GET /assets/img/avatars/5.jpg HTTP/1.1" 404 163 "http://localhost:9003/main" "Mozilla/5.0 (Windows NT 10.0; Win64; x64) AppleWebKit/537.36 (KHTML, like Gecko) Chrome/99.0.4844.74 Safari/537.36"
[2022-03-23T23:23:30.116] [ERROR] http - ::1 - - "GET /assets/img/avatars/3.jpg HTTP/1.1" 404 163 "http://localhost:9003/main" "Mozilla/5.0 (Windows NT 10.0; Win64; x64) AppleWebKit/537.36 (KHTML, like Gecko) Chrome/99.0.4844.74 Safari/537.36"
[2022-03-23T23:23:30.120] [ERROR] http - ::1 - - "GET /assets/img/avatars/6.jpg HTTP/1.1" 404 163 "http://localhost:9003/main" "Mozilla/5.0 (Windows NT 10.0; Win64; x64) AppleWebKit/537.36 (KHTML, like Gecko) Chrome/99.0.4844.74 Safari/537.36"
[2022-03-23T23:23:37.027] [INFO] http - ::1 - - "POST /evim/getcount HTTP/1.1" 200 152 "http://localhost:9003/main" "Mozilla/5.0 (Windows NT 10.0; Win64; x64) AppleWebKit/537.36 (KHTML, like Gecko) Chrome/99.0.4844.74 Safari/537.36"
[2022-03-23T23:23:42.964] [INFO] http - ::1 - - "POST /evim/getvisitorData HTTP/1.1" 200 1097 "http://localhost:9003/main" "Mozilla/5.0 (Windows NT 10.0; Win64; x64) AppleWebKit/537.36 (KHTML, like Gecko) Chrome/99.0.4844.74 Safari/537.36"
[2022-03-23T23:24:05.173] [WARN] http - ::1 - - "GET /logout HTTP/1.1" 302 54 "http://localhost:9003/main" "Mozilla/5.0 (Windows NT 10.0; Win64; x64) AppleWebKit/537.36 (KHTML, like Gecko) Chrome/99.0.4844.74 Safari/537.36"
[2022-03-23T23:24:05.180] [WARN] http - ::1 - - "GET /login HTTP/1.1" 302 46 "http://localhost:9003/main" "Mozilla/5.0 (Windows NT 10.0; Win64; x64) AppleWebKit/537.36 (KHTML, like Gecko) Chrome/99.0.4844.74 Safari/537.36"
[2022-03-23T23:24:12.753] [ERROR] http - ::1 - - "GET /vendor/@popperjs/popper.min.js.map HTTP/1.1" 404 173 "" "Mozilla/5.0 (Windows NT 10.0; Win64; x64) AppleWebKit/537.36 (KHTML, like Gecko) Chrome/99.0.4844.74 Safari/537.36"
[2022-03-23T23:24:51.566] [ERROR] http - ::1 - - "GET /vendor/@popperjs/popper.min.js.map HTTP/1.1" 404 173 "" "Mozilla/5.0 (Windows NT 10.0; Win64; x64) AppleWebKit/537.36 (KHTML, like Gecko) Chrome/99.0.4844.74 Safari/537.36"
[2022-03-23T23:26:35.860] [ERROR] http - ::1 - - "GET /vendor/@popperjs/popper.min.js.map HTTP/1.1" 404 173 "" "Mozilla/5.0 (Windows NT 10.0; Win64; x64) AppleWebKit/537.36 (KHTML, like Gecko) Chrome/99.0.4844.74 Safari/537.36"
[2022-03-23T23:27:19.294] [ERROR] http - ::1 - - "GET /vendor/@popperjs/popper.min.js.map HTTP/1.1" 404 173 "" "Mozilla/5.0 (Windows NT 10.0; Win64; x64) AppleWebKit/537.36 (KHTML, like Gecko) Chrome/99.0.4844.74 Safari/537.36"
[2022-03-23T23:28:46.291] [ERROR] http - ::1 - - "GET /vendor/@popperjs/popper.min.js.map HTTP/1.1" 404 173 "" "Mozilla/5.0 (Windows NT 10.0; Win64; x64) AppleWebKit/537.36 (KHTML, like Gecko) Chrome/99.0.4844.74 Safari/537.36"
[2022-03-23T23:31:10.365] [ERROR] http - ::1 - - "GET /vendor/@popperjs/popper.min.js.map HTTP/1.1" 404 173 "" "Mozilla/5.0 (Windows NT 10.0; Win64; x64) AppleWebKit/537.36 (KHTML, like Gecko) Chrome/99.0.4844.74 Safari/537.36"
[2022-03-23T23:33:47.028] [ERROR] http - ::1 - - "GET /vendor/@popperjs/popper.min.js.map HTTP/1.1" 404 173 "" "Mozilla/5.0 (Windows NT 10.0; Win64; x64) AppleWebKit/537.36 (KHTML, like Gecko) Chrome/99.0.4844.74 Safari/537.36"
[2022-03-23T23:35:11.887] [ERROR] http - ::1 - - "GET /vendor/@popperjs/popper.min.js.map HTTP/1.1" 404 173 "" "Mozilla/5.0 (Windows NT 10.0; Win64; x64) AppleWebKit/537.36 (KHTML, like Gecko) Chrome/99.0.4844.74 Safari/537.36"
[2022-03-23T23:36:10.689] [WARN] http - ::1 - - "GET /signin HTTP/1.1" 304 - "http://localhost:9003/" "Mozilla/5.0 (Windows NT 10.0; Win64; x64) AppleWebKit/537.36 (KHTML, like Gecko) Chrome/99.0.4844.74 Safari/537.36"
[2022-03-23T23:37:03.574] [WARN] http - ::1 - - "GET /signin HTTP/1.1" 304 - "http://localhost:9003/" "Mozilla/5.0 (Windows NT 10.0; Win64; x64) AppleWebKit/537.36 (KHTML, like Gecko) Chrome/99.0.4844.74 Safari/537.36"
